1 2 3 4 5 6 7 
10 20 30 40 

10 20 30 40 5 6 7 
1 2 10 20 30 40 7 
1 2 3 4 10 20 30 
1 2 3 4 10 20 7  length = 2
1 2 3 4 10 20 30  length = 3
1 2 3 4 10 20 30  length = 4
1 2 3 4 10 20 30 
1 2 20 30 5 6 7 
1 2 20 30 40 6 7 
1 2 10 20 30 6 7 
1 2 10 20 30 40 7 
1 2 20 30 40 6 7 

10 20 30 40 5 6 7 
1 2 10 20 30 40 7 
1 2 3 4 10 20 30 
1 2 3 4 10 20 7 
1 2 3 4 10 20 30 
1 2 3 4 10 20 30 
1 2 3 4 10 20 30 
1 2 20 30 5 6 7 
1 2 20 30 40 6 7 
1 2 10 20 30 6 7 
1 2 10 20 30 40 7 
1 2 20 30 40 6 7 

10 20 30 40 5 6 7 
1 2 10 20 30 40 7 
1 2 3 4 10 20 30 
1 2 3 4 10 20 7 
1 2 3 4 10 20 30 
1 2 3 4 10 20 30 
1 2 3 4 10 20 30 
1 2 20 30 5 6 7 
1 2 20 30 40 6 7 
1 2 10 20 30 6 7 
1 2 10 20 30 40 7 
1 2 20 30 40 6 7 
