1.000000 2.000000 3.000000 4.000000 5.000000 6.000000 7.000000 
10.000000 20.000000 30.000000 40.000000 

10.000000 20.000000 30.000000 40.000000 5.000000 6.000000 7.000000 
1.000000 2.000000 10.000000 20.000000 30.000000 40.000000 7.000000 
1.000000 2.000000 3.000000 4.000000 10.000000 20.000000 30.000000 
1.000000 2.000000 3.000000 4.000000 10.000000 20.000000 7.000000  length = 2
1.000000 2.000000 3.000000 4.000000 10.000000 20.000000 30.000000  length = 3
1.000000 2.000000 3.000000 4.000000 10.000000 20.000000 30.000000  length = 4
1.000000 2.000000 3.000000 4.000000 10.000000 20.000000 30.000000 
1.000000 2.000000 20.000000 30.000000 5.000000 6.000000 7.000000 
1.000000 2.000000 20.000000 30.000000 40.000000 6.000000 7.000000 
1.000000 2.000000 10.000000 20.000000 30.000000 6.000000 7.000000 
1.000000 2.000000 10.000000 20.000000 30.000000 40.000000 7.000000 
1.000000 2.000000 20.000000 30.000000 40.000000 6.000000 7.000000 

10.000000 20.000000 30.000000 40.000000 5.000000 6.000000 7.000000 
1.000000 2.000000 10.000000 20.000000 30.000000 40.000000 7.000000 
1.000000 2.000000 3.000000 4.000000 10.000000 20.000000 30.000000 
1.000000 2.000000 3.000000 4.000000 10.000000 20.000000 7.000000 
1.000000 2.000000 3.000000 4.000000 10.000000 20.000000 30.000000 
1.000000 2.000000 3.000000 4.000000 10.000000 20.000000 30.000000 
1.000000 2.000000 3.000000 4.000000 10.000000 20.000000 30.000000 
1.000000 2.000000 20.000000 30.000000 5.000000 6.000000 7.000000 
1.000000 2.000000 20.000000 30.000000 40.000000 6.000000 7.000000 
1.000000 2.000000 10.000000 20.000000 30.000000 6.000000 7.000000 
1.000000 2.000000 10.000000 20.000000 30.000000 40.000000 7.000000 
1.000000 2.000000 20.000000 30.000000 40.000000 6.000000 7.000000 

10.000000 20.000000 30.000000 40.000000 5.000000 6.000000 7.000000 
1.000000 2.000000 10.000000 20.000000 30.000000 40.000000 7.000000 
1.000000 2.000000 3.000000 4.000000 10.000000 20.000000 30.000000 
1.000000 2.000000 3.000000 4.000000 10.000000 20.000000 7.000000 
1.000000 2.000000 3.000000 4.000000 10.000000 20.000000 30.000000 
1.000000 2.000000 3.000000 4.000000 10.000000 20.000000 30.000000 
1.000000 2.000000 3.000000 4.000000 10.000000 20.000000 30.000000 
1.000000 2.000000 20.000000 30.000000 5.000000 6.000000 7.000000 
1.000000 2.000000 20.000000 30.000000 40.000000 6.000000 7.000000 
1.000000 2.000000 10.000000 20.000000 30.000000 6.000000 7.000000 
1.000000 2.000000 10.000000 20.000000 30.000000 40.000000 7.000000 
1.000000 2.000000 20.000000 30.000000 40.000000 6.000000 7.000000 
