[ 
   [ {  "Default S" 0 0 0.000000 0.000000 0.000000 }  {  "Default S" 0 0 0.000000 0.000000 0.000000 }  ] 
   [ {  "Default S" 0 0 0.000000 0.000000 0.000000 }  {  "Default S" 0 0 0.000000 0.000000 0.000000 }  ] 
   [ {  "Default S" 0 0 0.000000 0.000000 0.000000 }  {  "Default S" 0 0 0.000000 0.000000 0.000000 }  ] 
]

[ 
   [ {  "Default S" 0 0 0.000000 0.000000 0.000000 }  {  "Default S" 0 0 0.000000 0.000000 0.000000 }  ] 
   [ {  "Default S" 0 0 0.000000 0.000000 0.000000 }  {  "Default S" 0 0 0.000000 0.000000 0.000000 }  ] 
   [ {  "Default S" 0 0 0.000000 0.000000 0.000000 }  {  "Default S" 0 0 0.000000 0.000000 0.000000 }  ] 
]

[ 
   [ {  "Default S" 0 0 2.300000 3.300000 7.100000 }  {  "Default S" 0 0 2.300000 3.300000 7.100000 }  ] 
   [ {  "Default S" 0 0 2.300000 3.300000 7.100000 }  {  "Default S" 0 0 2.300000 3.300000 7.100000 }  ] 
   [ {  "Default S" 0 0 2.300000 3.300000 7.100000 }  {  "Default S" 0 0 2.300000 3.300000 7.100000 }  ] 
]

[ 
   [ {  "Default S" 10 -10 2.300000 3.300000 7.100000 }  {  "Default S" 11 -9 2.300000 3.300000 7.100000 }  ] 
   [ {  "Default S" 10 -10 2.300000 3.300000 7.100000 }  {  "Default S" 11 -9 2.300000 3.300000 7.100000 }  ] 
   [ {  "Default S" 10 -10 2.300000 3.300000 7.100000 }  {  "Default S" 11 -9 2.300000 3.300000 7.100000 }  ] 
]

