./sl: inputs/err-use001.snl(14,23): ERROR, 'use' statement should not be used within subroutines
    from testmath use *;
                      ^
./sl: inputs/err-use001.snl(16,25): ERROR, module 'testmath' is not available in the current scope
    return testmath::sqr( x ) / y
                        ^
./sl: inputs/err-use001.snl(16,25): ERROR, function 'testmath::sqr' is not declared in the current scope
    return testmath::sqr( x ) / y
                        ^
./sl: inputs/err-use001.snl(17,1): ERROR, incompatible types for binary operator '/'
}
^
./sl: inputs/err-use001.snl(21,23): ERROR, 'use' statement should not be used within subroutines
    from testmath use *;
                      ^
./sl: inputs/err-use001.snl(23,29): ERROR, module 'testmath' is not available in the current scope
    return x / testmath::sqr( y );
                            ^
./sl: inputs/err-use001.snl(23,29): ERROR, function 'testmath::sqr' is not declared in the current scope
    return x / testmath::sqr( y );
                            ^
./sl: inputs/err-use001.snl(23,34): ERROR, incompatible types for binary operator '/'
    return x / testmath::sqr( y );
                                 ^
./sl: 8 error(s) detected

