./sl: inputs/err-typecompat006.snl(18,57): ERROR, incompatible types for assignment to variable 'a'
var a : landmarks = [ [10.0, 10.0], [20.0, 30.0, 40.0] ]; // ERROR
                                                        ^
./sl: inputs/err-typecompat006.snl(19,38): ERROR, incompatible types for assignment to variable 'b'
var b : landmarks = new float[10][20]; // ERROR
                                     ^
./sl: inputs/err-typecompat006.snl(22,22): ERROR, incompatible types for assignment to variable 'b'
b = new float[10][20]; // ERROR
                     ^
./sl: inputs/err-typecompat006.snl(23,22): ERROR, incompatible types for assignment to variable 'a'
a = new float[10][20]; // ERROR
                     ^
./sl: inputs/err-typecompat006.snl(25,19): ERROR, incompatible types for assignment to variable 'z'
z = new inches[20]; // ERROR, wrong dimensions
                  ^
./sl: inputs/err-typecompat006.snl(26,17): ERROR, incompatible types for assignment to variable 'z'
z = new cm[2][2]; // ERROR, incompatible
                ^
./sl: inputs/err-typecompat006.snl(28,6): ERROR, incompatible types for assignment to variable 'm'
m = z; // ERROR, incompatible
     ^
./sl: inputs/err-typecompat006.snl(33,8): ERROR, incompatible types for assignment to variable 'nn'
nn = mm; // ERROR, incompatible;
       ^
./sl: 8 error(s) detected

