./sl: inputs/err-multival001.snl(22,28): ERROR, there are more variables than values to asign
m[2], s.a, s.b, m[3] = i, j;
                           ^
./sl: inputs/err-multival001.snl(22,28): ERROR, not enough values on the stack for SWAP
m[2], s.a, s.b, m[3] = i, j;
                           ^
./sl: inputs/err-multival001.snl(22,28): ERROR, not enough values on the stack for assignment
m[2], s.a, s.b, m[3] = i, j;
                           ^
./sl: inputs/err-multival001.snl(22,28): ERROR, incompatible types for assignment
m[2], s.a, s.b, m[3] = i, j;
                           ^
./sl: inputs/err-multival001.snl(26,32): ERROR, there are more variables than values to asign
m[2], s.a, s.b, m[3] = f3( 10 );
                               ^
./sl: inputs/err-multival001.snl(26,32): ERROR, incompatible types for assignment
m[2], s.a, s.b, m[3] = f3( 10 );
                               ^
./sl: inputs/err-multival001.snl(26,32): ERROR, not enough values on the stack for assignment
m[2], s.a, s.b, m[3] = f3( 10 );
                               ^
./sl: inputs/err-multival001.snl(30,29): ERROR, there are more variables than values to asign
i, s.a, s.b, m[3] = f3( 20 );
                            ^
./sl: inputs/err-multival001.snl(30,29): ERROR, incompatible types for assignment
i, s.a, s.b, m[3] = f3( 20 );
                            ^
./sl: inputs/err-multival001.snl(30,29): ERROR, incompatible types for assignment to variable
i, s.a, s.b, m[3] = f3( 20 );
                            ^
./sl: 10 error(s) detected

