./sl: inputs/err-types005.snl(11,22): ERROR, type 'int' is not declared in the current scope
    method mm() : int;
                     ^
./sl: inputs/err-types005.snl(11,22): ERROR, Prototype of method mm() does not match previous definition:
old or new prototype undefined return values
    method mm() : int;
                     ^
./sl: inputs/err-types005.snl(12,20): ERROR, type 'int' is not declared in the current scope
    method mn( int i ) : int;
                   ^
./sl: inputs/err-types005.snl(12,29): ERROR, type 'int' is not declared in the current scope
    method mn( int i ) : int;
                            ^
./sl: inputs/err-types005.snl(12,29): ERROR, Prototype of method mn() does not match previous definition:
old or new prototype has undefined argument 2
    method mn( int i ) : int;
                            ^
./sl: inputs/err-types005.snl(20,9): ERROR, type 'int' is not declared in the current scope
    int i;
        ^
./sl: inputs/err-types005.snl(22,24): ERROR, type 'int' is not declared in the current scope
    constructor A( int i = 100 ) { self.i = i }
                       ^
./sl: inputs/err-types005.snl(22,32): ERROR, default value is not compatible with the function argument 'i'
    constructor A( int i = 100 ) { self.i = i }
                               ^
./sl: inputs/err-types005.snl(22,32): ERROR, prototype of constructir A() does not match previous definition - old or new prototype has undefined argument 2
    constructor A( int i = 100 ) { self.i = i }
                               ^
./sl: inputs/err-types005.snl(25,5): ERROR, type 'int' is not declared in the current scope
    {
    ^
./sl: inputs/err-types005.snl(25,5): ERROR, interface 'I2' does not implement method 'mm'
    {
    ^
./sl: inputs/err-types005.snl(27,5): ERROR, type with empty suffix is not defined in this scope for types of kind 'integer'

    }
    ^
./sl: inputs/err-types005.snl(27,5): ERROR, incompatible types for binary operator '+'
    }
    ^
./sl: inputs/err-types005.snl(27,5): ERROR, too little values returned from function 'mm@I2'
    }
    ^
./sl: inputs/err-types005.snl(27,5): ERROR, Prototype of method mm@I2() does not match previous definition:
old or new prototype undefined return values
    }
    ^
./sl: inputs/err-types005.snl(28,23): ERROR, type 'int' is not declared in the current scope
    method mn@I2( int i ): int
                      ^
./sl: inputs/err-types005.snl(29,5): ERROR, type 'int' is not declared in the current scope
    {
    ^
./sl: inputs/err-types005.snl(29,5): ERROR, interface 'I2' does not implement method 'mn'
    {
    ^
./sl: inputs/err-types005.snl(31,5): ERROR, incompatible types for binary operator '+'
    }
    ^
./sl: inputs/err-types005.snl(31,5): ERROR, incompatible types of returned value 1 of function 'mn@I2'
    }
    ^
./sl: inputs/err-types005.snl(31,5): ERROR, Prototype of method mn@I2() does not match previous definition:
old or new prototype has undefined argument 2
    }
    ^
./sl: inputs/err-types005.snl(33,31): ERROR, type with empty suffix is not defined in this scope for types of kind 'string'

    method nn@I2() { . "A.i =", self.i }
                              ^
./sl: inputs/err-types005.snl(33,31): ERROR, not enough values on the stack for unary operator '.'
    method nn@I2() { . "A.i =", self.i }
                              ^
./sl: inputs/err-types005.snl(34,1): ERROR, class 'A' does not implement iterface method (interface 2, method 1)
}
^
./sl: inputs/err-types005.snl(34,1): ERROR, class 'A' does not implement iterface method (interface 2, method 2)
}
^
./sl: inputs/err-types005.snl(36,18): ERROR, type with empty suffix is not defined in this scope for types of kind 'integer'

var a = new A(101);
                 ^
./sl: inputs/err-types005.snl(36,18): ERROR, incompatible types for function 'A' argument nr. 2
var a = new A(101);
                 ^
./sl: inputs/err-types005.snl(36,18): ERROR, too little arguments in call to function 'A'
var a = new A(101);
                 ^
./sl: inputs/err-types005.snl(38,17): ERROR, type with empty suffix is not defined in this scope for types of kind 'integer'

. a->mn@I2( 193 );
                ^
./sl: inputs/err-types005.snl(38,17): ERROR, incompatible types for function 'mn' argument nr. 2
. a->mn@I2( 193 );
                ^
./sl: inputs/err-types005.snl(38,17): ERROR, too little arguments in call to function 'mn'
. a->mn@I2( 193 );
                ^
./sl: 31 error(s) detected

