./sl: inputs/err-interfaces001.snl(28,5): ERROR, interface 'If' does not implement method 'ff'
    {
    ^
./sl: inputs/err-interfaces001.snl(32,5): ERROR, interface 'If' does not implement method 'ss'
    {
    ^
./sl: inputs/err-interfaces001.snl(35,27): ERROR, module 'Module' is not available in the current scope
    method sg @ Module::Ig() -> (string)
                          ^
./sl: inputs/err-interfaces001.snl(35,27): ERROR, interface 'Module::Ig' is not declared in the current scope
    method sg @ Module::Ig() -> (string)
                          ^
./sl: inputs/err-interfaces001.snl(39,1): ERROR, class 'S' does not implement method 'f' from interface 'If'
}
^
./sl: inputs/err-interfaces001.snl(39,1): ERROR, class 'S' does not implement method 's' from interface 'If'
}
^
./sl: inputs/err-interfaces001.snl(39,1): ERROR, class 'S' does not implement method 's' from interface 'Ig'
}
^
./sl: 7 error(s) detected

