./sl: inputs/err-typecompat005.snl(17,7): ERROR, incompatible types for assignment to variable 'i'
i = 10; // ERROR
      ^
./sl: inputs/err-typecompat005.snl(18,13): ERROR, incompatible types for assignment to variable 'i'
i = 10@float; // ERROR
            ^
./sl: inputs/err-typecompat005.snl(19,7): ERROR, incompatible types for assignment to variable 'i'
i = 1.; // ERROR
      ^
./sl: inputs/err-typecompat005.snl(20,6): ERROR, incompatible types for assignment to variable 'i'
i = c; // ERROR
     ^
./sl: inputs/err-typecompat005.snl(21,6): ERROR, incompatible types for assignment to variable 'c'
c = i; // ERROR
     ^
./sl: inputs/err-typecompat005.snl(22,6): ERROR, incompatible types for assignment to variable 'c'
c = x; // ERROR
     ^
./sl: inputs/err-typecompat005.snl(23,6): ERROR, incompatible types for assignment to variable 'i'
i = x; // ERROR
     ^
./sl: inputs/err-typecompat005.snl(24,6): ERROR, incompatible types for assignment to variable 'x'
x = i; // ERROR?
     ^
./sl: inputs/err-typecompat005.snl(25,6): ERROR, incompatible types for assignment to variable 'x'
x = c; // ERROR?
     ^
./sl: 9 error(s) detected

