./sl: inputs/err-interfaces017b.snl(27,25): ERROR, interface 'I2' does not implement method 'mm'
    method mm@I2(): int {
                        ^
./sl: inputs/err-interfaces017b.snl(31,5): ERROR, interface 'I2' does not implement method 'mn'
    {
    ^
./sl: inputs/err-interfaces017b.snl(36,1): ERROR, unimplemented method (interface 2, method 2)
}
^
./sl: inputs/err-interfaces017b.snl(43,25): ERROR, interface 'I2' does not implement method 'mm'
    method mm@I2(): int {
                        ^
./sl: inputs/err-interfaces017b.snl(50,5): ERROR, interface 'I2' does not implement method 'mn'
    {
    ^
./sl: inputs/err-interfaces017b.snl(55,1): ERROR, unimplemented method (interface 2, method 2)
}
^
./sl: inputs/err-interfaces017b.snl(59,11): ERROR, object 'a' does not have method 'mn@I2'
. a->mn@I2( 193 );
          ^
./sl: 7 error(s) detected

