./sl: inputs/err-expr001.snl(13,38): ERROR, type 'melement' is not declared in the current scope
function identity( int N ) : melement[][]
                                     ^
./sl: inputs/err-expr001.snl(15,39): ERROR, type 'melement' is not declared in the current scope
    var identity_matrix = new melement[N][N];
                                      ^
./sl: inputs/err-expr001.snl(18,29): ERROR, can not index array with unknown element type
        identity_matrix[i][i] = 1 melement;
                            ^
./sl: inputs/err-expr001.snl(18,43): ERROR, type with suffix 'melement' is not defined in this scope for types of kind 'integer'

        identity_matrix[i][i] = 1 melement;
                                          ^
./sl: inputs/err-expr001.snl(18,43): ERROR, not enough values on the stack for assignment
        identity_matrix[i][i] = 1 melement;
                                          ^
./sl: inputs/err-expr001.snl(25,47): ERROR, type 'melement' is not declared in the current scope
function matrix( int N; int M = 0 ) : melement[][]
                                              ^
./sl: inputs/err-expr001.snl(28,24): ERROR, type 'melement' is not declared in the current scope
    return new melement[N][M]
                       ^
./sl: inputs/err-expr001.snl(31,51): ERROR, type 'melement' is not declared in the current scope
function multiply( m1, m2 : array [][] of melement): array [][] of melement
                                                  ^
./sl: inputs/err-expr001.snl(32,1): ERROR, type 'melement' is not declared in the current scope
{
^
./sl: inputs/err-expr001.snl(33,26): ERROR, function 'is_rectangular' is not declared in the current scope
    assert is_rectangular( m1 );
                         ^
./sl: inputs/err-expr001.snl(34,26): ERROR, function 'is_rectangular' is not declared in the current scope
    assert is_rectangular( m2 );
                         ^
./sl: inputs/err-expr001.snl(38,28): ERROR, type 'melement' is not declared in the current scope
    var prod = new melement[length(m1)][length(m2[0])];
                           ^
./sl: inputs/err-expr001.snl(42,22): ERROR, can not index array with unknown element type
            prod[i][j] = 0 melement;
                     ^
./sl: inputs/err-expr001.snl(42,36): ERROR, type with suffix 'melement' is not defined in this scope for types of kind 'integer'

            prod[i][j] = 0 melement;
                                   ^
./sl: inputs/err-expr001.snl(42,36): ERROR, not enough values on the stack for assignment
            prod[i][j] = 0 melement;
                                   ^
./sl: inputs/err-expr001.snl(44,26): ERROR, can not index array with unknown element type
                prod[i][j] += m1[i][k] * m2[k][j];
                         ^
./sl: inputs/err-expr001.snl(44,40): ERROR, can not index array with unknown element type
                prod[i][j] += m1[i][k] * m2[k][j];
                                       ^
./sl: inputs/err-expr001.snl(44,50): ERROR, can not index array with unknown element type
                prod[i][j] += m1[i][k] * m2[k][j];
                                                 ^
./sl: inputs/err-expr001.snl(51,47): ERROR, type 'melement' is not declared in the current scope
operator "*"( m1, m2 : array [][] of melement ): array [][] of melement
                                              ^
./sl: inputs/err-expr001.snl(52,1): ERROR, type 'melement' is not declared in the current scope
{
^
./sl: inputs/err-expr001.snl(56,27): ERROR, type 'melement' is not declared in the current scope
function mtimes( melement k; m : array [][] of melement): array [][] of melement
                          ^
./sl: inputs/err-expr001.snl(56,56): ERROR, type 'melement' is not declared in the current scope
function mtimes( melement k; m : array [][] of melement): array [][] of melement
                                                       ^
./sl: inputs/err-expr001.snl(57,1): ERROR, type 'melement' is not declared in the current scope
{
^
./sl: inputs/err-expr001.snl(62,22): ERROR, can not index array with unknown element type
            prod[i][j] *= k;
                     ^
./sl: inputs/err-expr001.snl(68,28): ERROR, type 'melement' is not declared in the current scope
function det3( s : melement[][] ): melement
                           ^
./sl: inputs/err-expr001.snl(69,1): ERROR, type 'melement' is not declared in the current scope
{
^
./sl: inputs/err-expr001.snl(71,19): ERROR, can not index array with unknown element type
        + s[0][0] * s[1][1] * s[2][2]
                  ^
./sl: inputs/err-expr001.snl(71,29): ERROR, can not index array with unknown element type
        + s[0][0] * s[1][1] * s[2][2]
                            ^
./sl: inputs/err-expr001.snl(72,9): ERROR, can not index array with unknown element type
        + s[1][0] * s[2][1] * s[0][2]
        ^
./sl: inputs/err-expr001.snl(72,19): ERROR, can not index array with unknown element type
        + s[1][0] * s[2][1] * s[0][2]
                  ^
./sl: inputs/err-expr001.snl(72,29): ERROR, can not index array with unknown element type
        + s[1][0] * s[2][1] * s[0][2]
                            ^
./sl: inputs/err-expr001.snl(73,9): ERROR, can not index array with unknown element type
        + s[0][1] * s[1][2] * s[2][0]
        ^
./sl: inputs/err-expr001.snl(73,19): ERROR, can not index array with unknown element type
        + s[0][1] * s[1][2] * s[2][0]
                  ^
./sl: inputs/err-expr001.snl(73,29): ERROR, can not index array with unknown element type
        + s[0][1] * s[1][2] * s[2][0]
                            ^
./sl: inputs/err-expr001.snl(75,9): ERROR, can not index array with unknown element type
        - s[0][2] * s[1][1] * s[2][0]
        ^
./sl: inputs/err-expr001.snl(75,19): ERROR, can not index array with unknown element type
        - s[0][2] * s[1][1] * s[2][0]
                  ^
./sl: inputs/err-expr001.snl(75,29): ERROR, can not index array with unknown element type
        - s[0][2] * s[1][1] * s[2][0]
                            ^
./sl: inputs/err-expr001.snl(76,9): ERROR, can not index array with unknown element type
        - s[0][0] * s[1][2] * s[2][1]
        ^
./sl: inputs/err-expr001.snl(76,19): ERROR, can not index array with unknown element type
        - s[0][0] * s[1][2] * s[2][1]
                  ^
./sl: inputs/err-expr001.snl(76,29): ERROR, can not index array with unknown element type
        - s[0][0] * s[1][2] * s[2][1]
                            ^
./sl: inputs/err-expr001.snl(77,9): ERROR, can not index array with unknown element type
        - s[0][1] * s[1][0] * s[2][2];
        ^
./sl: inputs/err-expr001.snl(77,19): ERROR, can not index array with unknown element type
        - s[0][1] * s[1][0] * s[2][2];
                  ^
./sl: inputs/err-expr001.snl(77,29): ERROR, can not index array with unknown element type
        - s[0][1] * s[1][0] * s[2][2];
                            ^
./sl: inputs/err-expr001.snl(77,38): ERROR, can not index array with unknown element type
        - s[0][1] * s[1][0] * s[2][2];
                                     ^
./sl: inputs/err-expr001.snl(77,38): ERROR, incompatible types of returned value 1 of function 'det3'
        - s[0][1] * s[1][0] * s[2][2];
                                     ^
./sl: inputs/err-expr001.snl(80,28): ERROR, type 'melement' is not declared in the current scope
function det2( s : melement[][] ): melement
                           ^
./sl: inputs/err-expr001.snl(81,1): ERROR, type 'melement' is not declared in the current scope
{
^
./sl: inputs/err-expr001.snl(83,19): ERROR, can not index array with unknown element type
        + s[0][0] * s[1][1]
                  ^
./sl: inputs/err-expr001.snl(84,9): ERROR, can not index array with unknown element type
        - s[1][0] * s[0][1]
        ^
./sl: inputs/err-expr001.snl(84,19): ERROR, can not index array with unknown element type
        - s[1][0] * s[0][1]
                  ^
./sl: inputs/err-expr001.snl(85,1): ERROR, can not index array with unknown element type
}
^
./sl: inputs/err-expr001.snl(85,1): ERROR, incompatible types of returned value 1 of function 'det2'
}
^
./sl: inputs/err-expr001.snl(89,32): ERROR, type 'melement' is not declared in the current scope
function adjunct3( m : melement[][]; int row; int col ): melement
                               ^
./sl: inputs/err-expr001.snl(90,1): ERROR, type 'melement' is not declared in the current scope
{
^
./sl: inputs/err-expr001.snl(91,30): ERROR, type 'melement' is not declared in the current scope
    var matrix = new melement[2][2];
                             ^
./sl: inputs/err-expr001.snl(99,26): ERROR, can not index array with unknown element type
            matrix[mi][mj] = m[i][j];
                         ^
./sl: inputs/err-expr001.snl(99,37): ERROR, can not index array with unknown element type
            matrix[mi][mj] = m[i][j];
                                    ^
./sl: inputs/err-expr001.snl(108,52): ERROR, type with suffix 'melement' is not defined in this scope for types of kind 'integer'

    var coef = ((row + col) % 2 == 0) ? +1 melement: -1 melement;
                                                   ^
./sl: inputs/err-expr001.snl(108,52): ERROR, not enough values on the stack for unary operator '+'
    var coef = ((row + col) % 2 == 0) ? +1 melement: -1 melement;
                                                   ^
./sl: inputs/err-expr001.snl(108,65): ERROR, type with suffix 'melement' is not defined in this scope for types of kind 'integer'

    var coef = ((row + col) % 2 == 0) ? +1 melement: -1 melement;
                                                                ^
./sl: inputs/err-expr001.snl(108,65): ERROR, not enough values on the stack for unary operator '-'
    var coef = ((row + col) % 2 == 0) ? +1 melement: -1 melement;
                                                                ^
./sl: inputs/err-expr001.snl(108,65): ERROR, not enough values on the stack for binary operator '?:'
    var coef = ((row + col) % 2 == 0) ? +1 melement: -1 melement;
                                                                ^
./sl: inputs/err-expr001.snl(108,65): ERROR, not enough values on the stack for assignment to variable 'coef'
    var coef = ((row + col) % 2 == 0) ? +1 melement: -1 melement;
                                                                ^
./sl: inputs/err-expr001.snl(109,33): ERROR, incompatible types of returned value 1 of function 'adjunct3'
    return coef * det2( matrix );
                                ^
./sl: inputs/err-expr001.snl(114,28): ERROR, type 'melement' is not declared in the current scope
function inv3( m : melement[][] ): melement[][]
                           ^
./sl: inputs/err-expr001.snl(114,44): ERROR, type 'melement' is not declared in the current scope
function inv3( m : melement[][] ): melement[][]
                                           ^
./sl: inputs/err-expr001.snl(116,24): ERROR, incompatible types for assignment to variable 'det'
    var det = det3( m );
                       ^
./sl: inputs/err-expr001.snl(120,29): ERROR, type with suffix 'melement' is not defined in this scope for types of kind 'integer'

    var inverse = 1 melement/det;
                            ^
./sl: inputs/err-expr001.snl(120,33): ERROR, not enough values on the stack for binary operator '/'
    var inverse = 1 melement/det;
                                ^
./sl: inputs/err-expr001.snl(120,33): ERROR, incompatible types for assignment to variable 'inverse'
    var inverse = 1 melement/det;
                                ^
./sl: inputs/err-expr001.snl(121,27): ERROR, type with suffix 'melement' is not defined in this scope for types of kind 'integer'

    var diff = 1 melement - inverse * det;
                          ^
./sl: inputs/err-expr001.snl(121,42): ERROR, not enough values on the stack for binary operator '-'
    var diff = 1 melement - inverse * det;
                                         ^
./sl: inputs/err-expr001.snl(121,42): ERROR, incompatible types for assignment to variable 'diff'
    var diff = 1 melement - inverse * det;
                                         ^
./sl: inputs/err-expr001.snl(122,33): ERROR, type with suffix 'melement' is not defined in this scope for types of kind 'integer'

    var abs = diff > 0 melement ? diff : -diff;
                                ^
./sl: inputs/err-expr001.snl(122,33): ERROR, not enough values on the stack for binary operator '>'
    var abs = diff > 0 melement ? diff : -diff;
                                ^
./sl: inputs/err-expr001.snl(122,47): ERROR, incompatible types for assignment to variable 'abs'
    var abs = diff > 0 melement ? diff : -diff;
                                              ^
./sl: inputs/err-expr001.snl(123,28): ERROR, type with suffix 'melement' is not defined in this scope for types of kind 'real'

    if( abs > 0.9 melement ) {
                           ^
./sl: inputs/err-expr001.snl(123,28): ERROR, not enough values on the stack for binary operator '>'
    if( abs > 0.9 melement ) {
                           ^
./sl: inputs/err-expr001.snl(128,73): ERROR, incompatible types of array components
                    [ adjunct3(m,0,0), adjunct3(m,1,0), adjunct3(m,2,0) ],
                                                                        ^
./sl: inputs/err-expr001.snl(128,73): ERROR, incompatible types of array components
                    [ adjunct3(m,0,0), adjunct3(m,1,0), adjunct3(m,2,0) ],
                                                                        ^
./sl: inputs/err-expr001.snl(129,73): ERROR, incompatible types of array components
                    [ adjunct3(m,0,1), adjunct3(m,1,1), adjunct3(m,2,1) ],
                                                                        ^
./sl: inputs/err-expr001.snl(129,73): ERROR, incompatible types of array components
                    [ adjunct3(m,0,1), adjunct3(m,1,1), adjunct3(m,2,1) ],
                                                                        ^
./sl: inputs/err-expr001.snl(130,73): ERROR, incompatible types of array components
                    [ adjunct3(m,0,2), adjunct3(m,1,2), adjunct3(m,2,2) ]
                                                                        ^
./sl: inputs/err-expr001.snl(130,73): ERROR, incompatible types of array components
                    [ adjunct3(m,0,2), adjunct3(m,1,2), adjunct3(m,2,2) ]
                                                                        ^
./sl: inputs/err-expr001.snl(132,18): ERROR, incompatible types for function 'mtimes' argument nr. 1
                 )
                 ^
./sl: inputs/err-expr001.snl(135,28): ERROR, type 'melement' is not declared in the current scope
operator "." ( m : melement[][] )
                           ^
./sl: inputs/err-expr001.snl(141,26): ERROR, can not index array with unknown element type
            < "", m[i][j];
                         ^
./sl: inputs/err-expr001.snl(148,28): ERROR, type 'melement' is not declared in the current scope
operator "<" ( v : melement[] )
                           ^
./sl: inputs/err-expr001.snl(152,19): ERROR, can not index array with unknown element type
        < "", v[i];
                  ^
./sl: inputs/err-expr001.snl(157,28): ERROR, type 'melement' is not declared in the current scope
operator "." ( v : melement[] ) { < v }
                           ^
./sl: 90 error(s) detected

