./sl: inputs/Parametrised.slib(4,16): ERROR, type 'inttype' is not declared in the current scope
var i : inttype;
               ^
./sl: inputs/Parametrised.slib(6,30): ERROR, type 'floattype' is not declared in the current scope
function parallel( floattype x; floattype y ): floattype
                             ^
./sl: inputs/Parametrised.slib(6,43): ERROR, type 'floattype' is not declared in the current scope
function parallel( floattype x; floattype y ): floattype
                                          ^
./sl: inputs/Parametrised.slib(7,1): ERROR, type 'floattype' is not declared in the current scope
{
^
./sl: inputs/Parametrised.slib(8,21): ERROR, incompatible types of returned value 1 of function 'parallel'
    return x*y/(x+y);
                    ^
./sl: inputs/Parametrised.slib(11,29): ERROR, type 'floattype' is not declared in the current scope
function doubled( floattype x ): floattype
                            ^
./sl: inputs/Parametrised.slib(12,1): ERROR, type 'floattype' is not declared in the current scope
{
^
./sl: inputs/Parametrised.slib(13,27): ERROR, type with suffix 'floattype' is not defined in this scope for types of kind 'integer'

    return x * 2 floattype;
                          ^
./sl: inputs/Parametrised.slib(13,27): ERROR, too little values returned from function 'doubled'
    return x * 2 floattype;
                          ^
./sl: inputs/Parametrised.slib(16,28): ERROR, type 'floattype' is not declared in the current scope
function divide( floattype x; inttype i ): floattype
                           ^
./sl: inputs/Parametrised.slib(16,39): ERROR, type 'inttype' is not declared in the current scope
function divide( floattype x; inttype i ): floattype
                                      ^
./sl: inputs/Parametrised.slib(17,1): ERROR, type 'floattype' is not declared in the current scope
{
^
./sl: inputs/Parametrised.slib(18,16): ERROR, type conversion impossible - target type 'floattype' not defined in the current scope
    return x/i@floattype;
               ^
./sl: inputs/Parametrised.slib(18,25): ERROR, incompatible types of returned value 1 of function 'divide'
    return x/i@floattype;
                        ^
./sl: inputs/err-parammod006.snl(11,14): ERROR, module 'P' is not available in the current scope
. P::parallel( 10, 30 );
             ^
./sl: inputs/err-parammod006.snl(11,14): ERROR, function 'P::parallel' is not declared in the current scope
. P::parallel( 10, 30 );
             ^
./sl: 16 error(s) detected

