./sl: inputs/err-types003.snl(6,15): ERROR, type 'float' is not declared in the current scope
type F = float;
              ^
./sl: inputs/err-types003.snl(7,15): ERROR, type 'float' is not declared in the current scope
type C = float;
              ^
./sl: inputs/err-types003.snl(9,53): ERROR, type 'float' is not declared in the current scope
inline bytecode function F_as_float( t : F ): float {};
                                                    ^
./sl: inputs/err-types003.snl(10,48): ERROR, type 'float' is not declared in the current scope
inline bytecode function float_as_C( x : float ): C {};
                                               ^
./sl: inputs/err-types003.snl(14,17): ERROR, type 'float' is not declared in the current scope
    pragma float;
                ^
./sl: inputs/err-types003.snl(15,42): ERROR, type with empty suffix is not defined in this scope for types of kind 'integer'

    return float_as_C((F_as_float(t) - 32) * 5/9);
                                         ^
./sl: inputs/err-types003.snl(15,42): ERROR, incompatible types for binary operator '-'
    return float_as_C((F_as_float(t) - 32) * 5/9);
                                         ^
./sl: inputs/err-types003.snl(15,47): ERROR, type with empty suffix is not defined in this scope for types of kind 'integer'

    return float_as_C((F_as_float(t) - 32) * 5/9);
                                              ^
./sl: inputs/err-types003.snl(15,47): ERROR, incompatible types for binary operator '*'
    return float_as_C((F_as_float(t) - 32) * 5/9);
                                              ^
./sl: inputs/err-types003.snl(15,49): ERROR, type with empty suffix is not defined in this scope for types of kind 'integer'

    return float_as_C((F_as_float(t) - 32) * 5/9);
                                                ^
./sl: inputs/err-types003.snl(15,49): ERROR, not enough values on the stack for binary operator '/'
    return float_as_C((F_as_float(t) - 32) * 5/9);
                                                ^
./sl: inputs/err-types003.snl(15,49): ERROR, too little arguments in call to function 'float_as_C'
    return float_as_C((F_as_float(t) - 32) * 5/9);
                                                ^
./sl: inputs/err-types003.snl(15,50): ERROR, too little values on the stack returned from function 'C_from_F'
    return float_as_C((F_as_float(t) - 32) * 5/9);
                                                 ^
./sl: inputs/err-types003.snl(23,19): ERROR, type 'F' has no operator named 'ldc'
. C_from_F(  32 F );
                  ^
./sl: inputs/err-types003.snl(23,20): ERROR, type 'C' has no unary operator named '.'
. C_from_F(  32 F );
                   ^
./sl: inputs/err-types003.snl(24,19): ERROR, type 'F' has no operator named 'ldc'
. C_from_F(  80 F );
                  ^
./sl: inputs/err-types003.snl(24,20): ERROR, type 'C' has no unary operator named '.'
. C_from_F(  80 F );
                   ^
./sl: inputs/err-types003.snl(25,19): ERROR, type 'F' has no operator named 'ldc'
. C_from_F( 100 F );
                  ^
./sl: inputs/err-types003.snl(25,20): ERROR, type 'C' has no unary operator named '.'
. C_from_F( 100 F );
                   ^
./sl: 19 error(s) detected

