length(m) == 0
nref(m)   == 0
1 2
2 2
3 6
4 6
5 6
6 6
7 14
8 14
9 14
10 14
11 14
12 14
13 14
14 14
15 30
100 126
200 254
300 510
400 510
500 510
600 1022
700 1022
800 1022
900 1022
1000 1022
1100 2046
1200 2046
1300 2046
1400 2046
1500 2046
1600 2046
1700 2046
1800 2046
1900 2046
2000 2046
2100 4094
2200 4094
2300 4094
2400 4094
2500 4094
2600 4094
2700 4094
2800 4094
2900 4094
3000 4094
3100 4094
3200 4094
3300 4094
3400 4094
3500 4094
3600 4094
3700 4094
3800 4094
3900 4094
4000 4094
4100 8190
4200 8190
4300 8190
4400 8190
4500 8190
4600 8190
4700 8190
4800 8190
4900 8190
5000 8190
5100 8190
5200 8190
5300 8190
5400 8190
5500 8190
5600 8190
5700 8190
5800 8190
5900 8190
6000 8190
6100 8190
6200 8190
6300 8190
6400 8190
6500 8190
6600 8190
6700 8190
6800 8190
6900 8190
7000 8190
7100 8190
7200 8190
7300 8190
7400 8190
7500 8190
7600 8190
7700 8190
7800 8190
7900 8190
8000 8190
8100 8190
8200 16382
8300 16382
8400 16382
8500 16382
8600 16382
8700 16382
8800 16382
8900 16382
9000 16382
9100 16382
9200 16382
9300 16382
9400 16382
9500 16382
9600 16382
9700 16382
9800 16382
9900 16382
10000 16382
