[
 [ 1 0.5 0.3333333333 0.25 0.2 0.1666666667 0.1428571429 ]
 [ 0.5 0.3333333333 0.25 0.2 0.1666666667 0.1428571429 0.125 ]
 [ 0.3333333333 0.25 0.2 0.1666666667 0.1428571429 0.125 0.1111111111 ]
 [ 0.25 0.2 0.1666666667 0.1428571429 0.125 0.1111111111 0.1 ]
 [ 0.2 0.1666666667 0.1428571429 0.125 0.1111111111 0.1 0.09090909091 ]
 [ 0.1666666667 0.1428571429 0.125 0.1111111111 0.1 0.09090909091 0.08333333333 ]
 [ 0.1428571429 0.125 0.1111111111 0.1 0.09090909091 0.08333333333 0.07692307692 ]
]

[
 [ 49 -1176 8820 -29400 48510 -38808 12012 ]
 [ -1176 37632 -317520 1128960 -1940400 1596672 -504504 ]
 [ 8820 -317520 2857680 -10584000 18711000 -15717240 5045040 ]
 [ -29400 1128960 -10584000 40320000 -72765000 62092800 -20180160 ]
 [ 48510 -1940400 18711000 -72765000 133402500 -115259760 37837800 ]
 [ -38808 1596672 -15717240 62092800 -115259760 100590336 -33297264 ]
 [ 12012 -504504 5045040 -20180160 37837800 -33297264 11099088 ]
]

[
 [ 1 0 0 0 0 0 -1.136868377e-13 ]
 [ -1.110223025e-16 1 -1.136868377e-13 -4.547473509e-13 4.547473509e-13 1.364242053e-12 -2.273736754e-13 ]
 [ -4.440892099e-16 -3.552713679e-15 1 2.273736754e-13 4.547473509e-13 6.821210263e-13 -5.684341886e-13 ]
 [ -4.440892099e-16 0 0 1 -4.547473509e-13 4.547473509e-13 -1.136868377e-13 ]
 [ 4.440892099e-16 -2.131628207e-14 1.136868377e-13 -4.547473509e-13 1 -4.547473509e-13 2.273736754e-13 ]
 [ -4.996003611e-16 0 0 -2.273736754e-13 0 1 -5.684341886e-14 ]
 [ 2.775557562e-16 -1.065814104e-14 1.421085472e-13 -4.547473509e-13 4.547473509e-13 0 1 ]
]

