# 2.3 2.3
# 3 3
# 6 6
0.01 0.01 0.99995
0.02 0.019999 0.999800005
0.03 0.0299960001 0.99955003
0.04 0.0399900006 0.9992001
0.05 0.0499800021 0.99875025
0.06 0.0599650056 0.9982005249
0.07 0.0699440126 0.9975509799
0.08 0.0799160252 0.9968016797
0.09 0.08988004619 0.9959526993
0.1 0.09983507918 0.9950041237
0.11 0.1097801287 0.9939560476
0.12 0.1197142001 0.992808576
0.13 0.1296363002 0.9915618235
0.14 0.1395454366 0.9902159148
0.15 0.1494406185 0.9887709845
0.16 0.1593208563 0.9872271772
0.17 0.169185162 0.9855846471
0.18 0.1790325492 0.9838435585
0.19 0.1888620332 0.9820040856
0.2 0.1986726309 0.9800664123
0.21 0.2084633614 0.9780307323
0.22 0.2182332456 0.9758972493
0.23 0.2279813064 0.9736661765
0.24 0.2377065691 0.9713377371
0.25 0.2474080612 0.968912164
0.26 0.2570848124 0.9663896996
0.27 0.2667358552 0.9637705963
0.28 0.2763602243 0.9610551159
0.29 0.2859569575 0.95824353
0.3 0.2955250949 0.9553361197
0.31 0.3050636799 0.9523331758
0.32 0.3145717584 0.9492349987
0.33 0.3240483798 0.946041898
0.34 0.3334925964 0.9427541931
0.35 0.3429034637 0.9393722128
0.36 0.3522800407 0.9358962953
0.37 0.3616213896 0.9323267881
0.38 0.3709265764 0.9286640483
0.39 0.3801946706 0.924908442
0.4 0.3894247453 0.921060345
0.41 0.3986158775 0.9171201418
0.42 0.4077671481 0.9130882267
0.43 0.416877642 0.9089650028
0.44 0.4259464482 0.9047508823
0.45 0.4349726597 0.9004462868
0.46 0.4439553739 0.8960516466
0.47 0.4528936926 0.8915674013
0.48 0.4617867219 0.8869939992
0.49 0.4706335726 0.8823318977
0.5 0.4794333599 0.8775815631
0.51 0.4881852038 0.8727434703
0.52 0.4968882293 0.8678181031
0.53 0.5055415659 0.8628059541
0.54 0.5141443484 0.8577075245
0.55 0.5226957164 0.8525233242
0.56 0.5311948148 0.8472538716
0.57 0.5396407938 0.8418996935
0.58 0.5480328087 0.8364613255
0.59 0.5563700203 0.8309393114
0.6 0.5646515949 0.8253342033
0.61 0.5728767044 0.8196465618
0.62 0.5810445262 0.8138769556
0.63 0.5891542435 0.8080259618
0.64 0.5972050454 0.8020941653
0.65 0.6051961268 0.7960821595
0.66 0.6131266886 0.7899905454
0.67 0.6209959377 0.7838199323
0.68 0.6288030873 0.7775709371
0.69 0.6365473565 0.7712441849
0.7 0.6442279709 0.7648403083
0.71 0.6518441626 0.7583599476
0.72 0.6593951699 0.751803751
0.73 0.6668802377 0.7451723739
0.74 0.6742986174 0.7384664796
0.75 0.6816495672 0.7316867387
0.76 0.6889323522 0.7248338291
0.77 0.6961462438 0.7179084361
0.78 0.7032905209 0.7109112523
0.79 0.7103644689 0.7038429774
0.8 0.7173673804 0.6967043181
0.81 0.7242985552 0.6894959885
0.82 0.7311573002 0.6822187092
0.83 0.7379429294 0.674873208
0.84 0.7446547644 0.6674602196
0.85 0.7512921338 0.6599804851
0.86 0.7578543741 0.6524347525
0.87 0.7643408289 0.6448237765
0.88 0.7707508496 0.6371483181
0.89 0.7770837952 0.6294091449
0.9 0.7833390325 0.6216070308
0.91 0.7895159358 0.6137427559
0.92 0.7956138876 0.6058171068
0.93 0.801632278 0.597830876
0.94 0.8075705051 0.5897848621
0.95 0.8134279752 0.5816798697
0.96 0.8192041025 0.5735167093
0.97 0.8248983094 0.5652961972
0.98 0.8305100265 0.5570191555
0.99 0.8360386925 0.5486864119
1 0.8414837547 0.5402987997
1.01 0.8468446685 0.5318571576
1.02 0.8521208978 0.5233623297
1.03 0.8573119151 0.5148151657
1.04 0.8624172012 0.5062165201
1.05 0.8674362455 0.4975672529
1.06 0.8723685462 0.4888682289
1.07 0.8772136101 0.4801203181
1.08 0.8819709526 0.4713243953
1.09 0.886640098 0.4624813401
1.1 0.8912205794 0.4535920367
1.11 0.8957119387 0.4446573741
1.12 0.9001137269 0.4356782458
1.13 0.9044255036 0.4266555496
1.14 0.9086468379 0.4175901879
1.15 0.9127773074 0.4084830672
1.16 0.9168164992 0.3993350981
1.17 0.9207640094 0.3901471956
1.18 0.9246194431 0.3809202783
1.19 0.9283824149 0.371655269
1.2 0.9320525485 0.3623530942
1.21 0.9356294768 0.3530146841
1.22 0.9391128422 0.3436409725
1.23 0.9425022963 0.3342328968
1.24 0.9457975001 0.3247913978
1.25 0.9489981242 0.3153174197
1.26 0.9521038485 0.3058119098
1.27 0.9551143624 0.2962758188
1.28 0.9580293649 0.2867101002
1.29 0.9608485644 0.2771157105
1.3 0.9635716791 0.2674936093
1.31 0.9661984366 0.2578447587
1.32 0.9687285743 0.2481701237
1.33 0.9711618391 0.2384706716
1.34 0.9734979877 0.2287473725
1.35 0.9757367865 0.2190011986
1.36 0.9778780117 0.2092331246
1.37 0.979921449 0.1994441273
1.38 0.9818668942 0.1896351856
1.39 0.9837141527 0.1798072803
1.4 0.9854630398 0.1699613944
1.41 0.9871133806 0.1600985123
1.42 0.9886650101 0.1502196203
1.43 0.990117773 0.1403257064
1.44 0.9914715242 0.1304177599
1.45 0.9927261282 0.1204967717
1.46 0.9938814596 0.1105637337
1.47 0.9949374029 0.1006196394
1.48 0.9958938524 0.09066548313
1.49 0.9967507126 0.0807022603
1.5 0.9975078976 0.07073096725
1.51 0.9981653319 0.0607526011
1.52 0.9987229496 0.0507681597
1.53 0.9991806951 0.04077864147
1.54 0.9995385225 0.03078504539
1.55 0.999796396 0.02078837079
1.56 0.9999542899 0.01078961736
1.57 1.000012188 0.0007897849725
1.58 0.9999700856 -0.009210126397
1.59 0.9998279858 -0.01920911675
1.6 0.9995859033 -0.0292061862
1.61 0.9992438621 -0.03920033503
1.62 0.9988018966 -0.04919056382
1.63 0.9982600508 -0.05917587356
1.64 0.9976183791 -0.06915526571
1.65 0.9968769455 -0.07912774233
1.66 0.9960358242 -0.08909230618
1.67 0.9950950994 -0.0990479608
1.68 0.994054865 -0.1089937106
1.69 0.9929152252 -0.1189285611
1.7 0.9916762938 -0.1288515187
1.71 0.9903381948 -0.1387615911
1.72 0.988901062 -0.1486577874
1.73 0.9873650391 -0.1585391179
1.74 0.9857302796 -0.1684045945
1.75 0.9839969472 -0.1782532306
1.76 0.982165215 -0.1880840414
1.77 0.9802352663 -0.1978960438
1.78 0.9782072941 -0.2076882566
1.79 0.9760815012 -0.2174597006
1.8 0.9738581001 -0.2272093986
1.81 0.9715373132 -0.2369363757
1.82 0.9691193726 -0.2466396591
1.83 0.96660452 -0.2563182786
1.84 0.963993007 -0.2659712662
1.85 0.9612850947 -0.2755976567
1.86 0.9584810539 -0.2851964875
1.87 0.955581165 -0.2947667986
1.88 0.9525857179 -0.304307633
1.89 0.9494950123 -0.3138180366
1.9 0.9463093572 -0.3232970585
1.91 0.9430290711 -0.3327437506
1.92 0.9396544822 -0.3421571684
1.93 0.9361859278 -0.3515363704
1.94 0.9326237548 -0.3608804189
1.95 0.9289683194 -0.3701883792
1.96 0.9252199872 -0.3794593208
1.97 0.921379133 -0.3886923164
1.98 0.9174461409 -0.3978864427
1.99 0.9134214041 -0.4070407804
2 0.9093053253 -0.4161544141
2.01 0.9050983158 -0.4252264323
2.02 0.9008007966 -0.4342559279
2.03 0.8964131973 -0.4432419978
2.04 0.8919359566 -0.4521837436
2.05 0.8873695224 -0.461080271
2.06 0.8827143512 -0.4699306904
2.07 0.8779709086 -0.4787341167
2.08 0.8731396689 -0.4874896696
2.09 0.8682211152 -0.4961964735
2.1 0.8632157394 -0.5048536577
2.11 0.8581240421 -0.5134603567
2.12 0.8529465323 -0.5220157095
2.13 0.8476837279 -0.5305188608
2.14 0.8423361551 -0.5389689602
2.15 0.8369043487 -0.5473651628
2.16 0.8313888518 -0.5557066288
2.17 0.8257902161 -0.5639925241
2.18 0.8201090013 -0.5722220202
2.19 0.8143457757 -0.5803942941
2.2 0.8085011155 -0.5885085285
2.21 0.8025756051 -0.5965639121
2.22 0.7965698372 -0.6045596393
2.23 0.7904844123 -0.6124949106
2.24 0.784319939 -0.6203689323
2.25 0.7780770337 -0.6281809172
2.26 0.7717563207 -0.635930084
2.27 0.765358432 -0.6436156577
2.28 0.7588840075 -0.6512368699
2.29 0.7523336946 -0.6587929585
2.3 0.7457081483 -0.6662831677
2.31 0.7390080313 -0.6737067486
2.32 0.7322340134 -0.6810629588
2.33 0.7253867721 -0.6883510627
2.34 0.7184669921 -0.6955703315
2.35 0.7114753654 -0.7027200433
2.36 0.7044125912 -0.7097994831
2.37 0.6972793758 -0.7168079429
2.38 0.6900764324 -0.723744722
2.39 0.6828044813 -0.7306091266
2.4 0.6754642499 -0.7374004702
2.41 0.6680564719 -0.7441180738
2.42 0.6605818884 -0.7507612656
2.43 0.6530412466 -0.7573293813
2.44 0.6454353008 -0.763821764
2.45 0.6377648113 -0.7702377646
2.46 0.6300305455 -0.7765767414
2.47 0.6222332765 -0.7828380605
2.48 0.6143737842 -0.7890210958
2.49 0.6064528546 -0.795125229
2.5 0.5984712797 -0.8011498497
2.51 0.5904298576 -0.8070943553
2.52 0.5823293926 -0.8129581516
2.53 0.5741706946 -0.818740652
2.54 0.5659545795 -0.8244412784
2.55 0.557681869 -0.8300594606
2.56 0.5493533903 -0.8355946369
2.57 0.5409699763 -0.8410462538
2.58 0.5325324652 -0.846413766
2.59 0.524041701 -0.8516966368
2.6 0.5154985325 -0.856894338
2.61 0.5069038142 -0.8620063497
2.62 0.4982584055 -0.8670321608
2.63 0.489563171 -0.8719712687
2.64 0.4808189801 -0.8768231794
2.65 0.4720267074 -0.8815874079
2.66 0.463187232 -0.8862634776
2.67 0.4543014378 -0.8908509209
2.68 0.4453702136 -0.8953492792
2.69 0.4363944523 -0.8997581025
2.7 0.4273750515 -0.90407695
2.71 0.4183129132 -0.9083053899
2.72 0.4092089437 -0.9124429991
2.73 0.4000640533 -0.9164893641
2.74 0.3908791564 -0.9204440802
2.75 0.3816551717 -0.9243067518
2.76 0.3723930214 -0.9280769928
2.77 0.3630936318 -0.9317544261
2.78 0.3537579329 -0.9353386839
2.79 0.3443868581 -0.9388294078
2.8 0.3349813447 -0.9422262488
2.81 0.3255423332 -0.9455288672
2.82 0.3160707674 -0.9487369327
2.83 0.3065675945 -0.9518501245
2.84 0.2970337649 -0.9548681313
2.85 0.2874702319 -0.9577906513
2.86 0.2778779518 -0.9606173922
2.87 0.268257884 -0.9633480714
2.88 0.2586109904 -0.9659824158
2.89 0.2489382357 -0.9685201619
2.9 0.2392405872 -0.970961056
2.91 0.2295190146 -0.973304854
2.92 0.2197744901 -0.9755513216
2.93 0.2100079882 -0.977700234
2.94 0.2002204854 -0.9797513763
2.95 0.1904129606 -0.9817045436
2.96 0.1805863945 -0.9835595403
2.97 0.1707417698 -0.9853161812
2.98 0.1608800709 -0.9869742904
2.99 0.151002284 -0.9885337021
3 0.1411093969 -0.9899942605
3.01 0.1312023988 -0.9913558195
3.02 0.1212822805 -0.9926182429
3.03 0.1113500339 -0.9937814045
3.04 0.1014066524 -0.9948451879
3.05 0.09145313019 -0.9958094868
3.06 0.08149046266 -0.9966742048
3.07 0.07151964609 -0.9974392553
3.08 0.06154167756 -0.998104562
3.09 0.05155755485 -0.9986700581
3.1 0.0415682764 -0.9991356873
3.11 0.03157484111 -0.9995014029
3.12 0.02157824834 -0.9997671683
3.13 0.01157949774 -0.999932957
3.14 0.001579589197 -0.9999987525
3.15 -0.008420477307 -0.999964548
3.16 -0.01841970176 -0.9998303471
3.17 -0.02841708425 -0.9995961632
3.18 -0.03841162503 -0.9992620197
3.19 -0.04840232464 -0.9988279499
3.2 -0.05838818403 -0.9982939974
3.21 -0.06836820459 -0.9976602154
3.22 -0.07834138833 -0.9969266675
3.23 -0.08830673794 -0.9960934268
3.24 -0.09826325687 -0.9951605769
3.25 -0.1082099495 -0.9941282108
3.26 -0.1181458211 -0.992996432
3.27 -0.1280698781 -0.9917653535
3.28 -0.1379811282 -0.9904350985
3.29 -0.1478785801 -0.9890057999
3.3 -0.1577612442 -0.9874776008
3.31 -0.1676281321 -0.9858506539
3.32 -0.1774782572 -0.984125122
3.33 -0.1873106345 -0.9823011775
3.34 -0.1971242808 -0.9803790029
3.35 -0.2069182146 -0.9783587904
3.36 -0.2166914566 -0.9762407421
3.37 -0.2264430294 -0.9740250697
3.38 -0.236171958 -0.9717119947
3.39 -0.2458772693 -0.9693017486
3.4 -0.255557993 -0.9667945723
3.41 -0.2652131608 -0.9641907165
3.42 -0.2748418073 -0.9614904417
3.43 -0.2844429696 -0.9586940178
3.44 -0.2940156876 -0.9558017245
3.45 -0.3035590041 -0.952813851
3.46 -0.3130719647 -0.9497306962
3.47 -0.322553618 -0.9465525683
3.48 -0.332003016 -0.9432797851
3.49 -0.3414192137 -0.939912674
3.5 -0.3508012695 -0.9364515715
3.51 -0.3601482452 -0.932896824
3.52 -0.369459206 -0.9292487867
3.53 -0.3787332209 -0.9255078246
3.54 -0.3879693625 -0.9216743117
3.55 -0.3971667071 -0.9177486313
3.56 -0.4063243351 -0.9137311761
3.57 -0.4154413307 -0.9096223478
3.58 -0.4245167821 -0.9054225572
3.59 -0.4335497818 -0.9011322244
3.6 -0.4425394266 -0.8967517784
3.61 -0.4514848174 -0.8922816571
3.62 -0.4603850597 -0.8877223077
3.63 -0.4692392635 -0.8830741861
3.64 -0.4780465434 -0.8783377571
3.65 -0.4868060187 -0.8735134943
3.66 -0.4955168133 -0.8686018801
3.67 -0.5041780563 -0.8636034058
3.68 -0.5127888814 -0.8585185711
3.69 -0.5213484277 -0.8533478845
3.7 -0.5298558391 -0.8480918632
3.71 -0.5383102649 -0.8427510327
3.72 -0.5467108598 -0.8373259271
3.73 -0.5550567835 -0.8318170889
3.74 -0.5633472015 -0.8262250689
3.75 -0.5715812849 -0.8205504265
3.76 -0.5797582101 -0.814793729
3.77 -0.5878771594 -0.8089555522
3.78 -0.5959373211 -0.8030364798
3.79 -0.603937889 -0.7970371037
3.8 -0.6118780632 -0.790958024
3.81 -0.6197570495 -0.7847998484
3.82 -0.6275740602 -0.7785631928
3.83 -0.6353283134 -0.772248681
3.84 -0.6430190338 -0.7658569442
3.85 -0.6506454523 -0.7593886218
3.86 -0.6582068062 -0.7528443605
3.87 -0.6657023395 -0.7462248148
3.88 -0.6731313025 -0.7395306466
3.89 -0.6804929524 -0.7327625253
3.9 -0.687786553 -0.7259211278
3.91 -0.695011375 -0.7190071381
3.92 -0.7021666958 -0.7120212478
3.93 -0.7092517999 -0.7049641553
3.94 -0.7162659789 -0.6978365664
3.95 -0.7232085312 -0.6906391939
3.96 -0.7300787628 -0.6833727574
3.97 -0.7368759864 -0.6760379836
3.98 -0.7435995224 -0.6686356061
3.99 -0.7502486985 -0.661166365
4 -0.7568228497 -0.6536310073
4.01 -0.7633213187 -0.6460302864
4.02 -0.7697434555 -0.6383649625
4.03 -0.7760886179 -0.6306358022
4.04 -0.7823561715 -0.6228435782
4.05 -0.7885454895 -0.6149890699
4.06 -0.7946559529 -0.6070730627
4.07 -0.8006869507 -0.5990963482
4.08 -0.8066378799 -0.591059724
4.09 -0.8125081452 -0.5829639939
4.1 -0.8182971597 -0.5748099674
4.11 -0.8240043446 -0.5665984599
4.12 -0.8296291289 -0.5583302925
4.13 -0.8351709504 -0.5500062921
4.14 -0.8406292548 -0.5416272911
4.15 -0.8460034962 -0.5331941273
4.16 -0.8512931373 -0.5247076442
4.17 -0.8564976491 -0.5161686902
4.18 -0.8616165111 -0.5075781194
4.19 -0.8666492115 -0.4989367908
4.2 -0.8715952469 -0.4902455685
4.21 -0.8764541229 -0.4815053217
4.22 -0.8812253534 -0.4727169243
4.23 -0.8859084614 -0.4638812552
4.24 -0.8905029785 -0.454999198
4.25 -0.8950084453 -0.4460716409
4.26 -0.8994244113 -0.4370994766
4.27 -0.9037504349 -0.4280836024
4.28 -0.9079860834 -0.4190249198
4.29 -0.9121309332 -0.4099243347
4.3 -0.91618457 -0.4007827572
4.31 -0.9201465884 -0.3916011014
4.32 -0.9240165921 -0.3823802855
4.33 -0.9277941941 -0.3731212316
4.34 -0.9314790167 -0.3638248655
4.35 -0.9350706914 -0.354492117
4.36 -0.938568859 -0.3451239192
4.37 -0.9419731698 -0.3357212091
4.38 -0.9452832832 -0.3262849268
4.39 -0.9484988683 -0.3168160161
4.4 -0.9516196035 -0.3073154237
4.41 -0.9546451768 -0.2977840998
4.42 -0.9575752855 -0.2882229975
4.43 -0.9604096368 -0.2786330729
4.44 -0.963147947 -0.2690152849
4.45 -0.9657899425 -0.2593705955
4.46 -0.9683353589 -0.249699969
4.47 -0.9707839418 -0.2400043725
4.48 -0.9731354464 -0.2302847755
4.49 -0.9753896373 -0.2205421501
4.5 -0.9775462894 -0.2107774705
4.51 -0.9796051868 -0.2009917131
4.52 -0.9815661236 -0.1911858566
4.53 -0.9834289039 -0.1813608814
4.54 -0.9851933413 -0.1715177702
4.55 -0.9868592593 -0.1616575072
4.56 -0.9884264914 -0.1517810784
4.57 -0.9898948809 -0.1418894716
4.58 -0.9912642808 -0.1319836758
4.59 -0.9925345544 -0.1220646816
4.6 -0.9937055745 -0.112133481
4.61 -0.994777224 -0.102191067
4.62 -0.9957493958 -0.09223843386
4.63 -0.9966219927 -0.08227657692
4.64 -0.9973949273 -0.07230649232
4.65 -0.9980681225 -0.06232917707
4.66 -0.9986415109 -0.05234562891
4.67 -0.9991150351 -0.04235684618
4.68 -0.9994886478 -0.03236382776
4.69 -0.9997623117 -0.02236757296
4.7 -0.9999359993 -0.01236908141
4.71 -1.000009693 -0.002369352947
4.72 -0.9999833863 0.007630612451
4.73 -0.999857081 0.01762981479
4.74 -0.99963079 0.02762725414
4.75 -0.9993045359 0.03762193077
4.76 -0.9988783514 0.04761284521
4.77 -0.998352279 0.05759899836
4.78 -0.9977263714 0.06757939161
4.79 -0.9970006912 0.07755302693
4.8 -0.9961753109 0.08751890694
4.81 -0.9952503131 0.09747603506
4.82 -0.9942257902 0.1074234156
4.83 -0.9931018448 0.1173600537
4.84 -0.9918785891 0.1272849559
4.85 -0.9905561456 0.1371971296
4.86 -0.9891346465 0.1470955836
4.87 -0.987614234 0.156979328
4.88 -0.98599506 0.1668473744
4.89 -0.9842772865 0.1766987362
4.9 -0.9824610853 0.186532428
4.91 -0.9805466379 0.1963474666
4.92 -0.9785341359 0.2061428705
4.93 -0.9764237805 0.2159176601
4.94 -0.9742157827 0.2256708579
4.95 -0.9719103634 0.2354014886
4.96 -0.9695077529 0.2451085792
4.97 -0.9670081918 0.2547911589
4.98 -0.9644119298 0.2644482595
4.99 -0.9617192266 0.2740789153
5 -0.9589303515 0.2836821632
5.01 -0.9560455833 0.2932570429
5.02 -0.9530652106 0.3028025969
5.03 -0.9499895314 0.3123178706
5.04 -0.9468188532 0.3218019125
5.05 -0.9435534931 0.3312537742
5.06 -0.9401937777 0.3406725106
5.07 -0.9367400429 0.3500571797
5.08 -0.9331926341 0.3594068431
5.09 -0.9295519061 0.3687205658
5.1 -0.9258182228 0.3779974164
5.11 -0.9219919577 0.3872364673
5.12 -0.9180734935 0.3964367946
5.13 -0.9140632218 0.4055974781
5.14 -0.9099615439 0.414717602
5.15 -0.9057688698 0.423796254
5.16 -0.9014856188 0.4328325265
5.17 -0.8971122193 0.4418255157
5.18 -0.8926491085 0.4507743223
5.19 -0.8880967328 0.4596780515
5.2 -0.8834555475 0.4685358129
5.21 -0.8787260166 0.4773467207
5.22 -0.8739086131 0.4861098939
5.23 -0.8690038187 0.4948244561
5.24 -0.8640121239 0.5034895358
5.25 -0.858934028 0.5121042665
5.26 -0.8537700386 0.5206677869
5.27 -0.8485206722 0.5291792404
5.28 -0.8431864538 0.537637776
5.29 -0.8377679167 0.5460425479
5.3 -0.8322656028 0.5543927155
5.31 -0.8266800624 0.5626874438
5.32 -0.821011854 0.5709259034
5.33 -0.8152615443 0.5791072704
5.34 -0.8094297086 0.5872307267
5.35 -0.8035169298 0.5952954598
5.36 -0.7975237994 0.6033006635
5.37 -0.7914509165 0.6112455371
5.38 -0.7852988886 0.6191292861
5.39 -0.7790683308 0.6269511222
5.4 -0.7727598662 0.6347102632
5.41 -0.7663741255 0.6424059331
5.42 -0.7599117475 0.6500373625
5.43 -0.7533733783 0.6576037881
5.44 -0.7467596717 0.6651044534
5.45 -0.7400712892 0.6725386082
5.46 -0.7333088996 0.6799055091
5.47 -0.726473179 0.6872044195
5.48 -0.7195648112 0.6944346095
5.49 -0.7125844869 0.701595356
5.5 -0.7055329041 0.7086859429
5.51 -0.698410768 0.7157056613
5.52 -0.6912187908 0.7226538091
5.53 -0.6839576918 0.7295296915
5.54 -0.676628197 0.7363326209
5.55 -0.6692310394 0.7430619171
5.56 -0.6617669587 0.7497169071
5.57 -0.6542367013 0.7562969254
5.58 -0.6466410202 0.762801314
5.59 -0.638980675 0.7692294225
5.6 -0.6312564317 0.775580608
5.61 -0.6234690628 0.7818542355
5.62 -0.615619347 0.7880496775
5.63 -0.6077080693 0.7941663146
5.64 -0.5997360207 0.8002035351
5.65 -0.5917039986 0.8061607352
5.66 -0.583612806 0.8120373192
5.67 -0.5754632522 0.8178326995
5.68 -0.567256152 0.8235462965
5.69 -0.5589923262 0.8291775389
5.7 -0.5506726012 0.8347258635
5.71 -0.542297809 0.8401907156
5.72 -0.5338687869 0.8455715486
5.73 -0.525386378 0.8508678244
5.74 -0.5168514304 0.8560790134
5.75 -0.5082647977 0.8612045946
5.76 -0.4996273386 0.8662440553
5.77 -0.4909399166 0.8711968915
5.78 -0.4822034007 0.8760626081
5.79 -0.4734186645 0.8808407184
5.8 -0.4645865864 0.8855307447
5.81 -0.4557080496 0.8901322179
5.82 -0.446783942 0.8946446778
5.83 -0.437815156 0.8990676733
5.84 -0.4288025885 0.903400762
5.85 -0.4197471408 0.9076435107
5.86 -0.4106497183 0.911795495
5.87 -0.4015112309 0.9158562997
5.88 -0.3923325923 0.9198255188
5.89 -0.3831147205 0.9237027554
5.9 -0.3738585372 0.9274876217
5.91 -0.3645649681 0.9311797392
5.92 -0.3552349424 0.9347787388
5.93 -0.3458693933 0.9382842605
5.94 -0.3364692572 0.9416959537
5.95 -0.3270354742 0.9450134774
5.96 -0.3175689877 0.9482364997
5.97 -0.3080707442 0.9513646983
5.98 -0.2985416937 0.9543977605
5.99 -0.288982789 0.9573353829
6 -0.279394986 0.9601772718
6.01 -0.2697792436 0.962923143
6.02 -0.2601365232 0.9655727218
6.03 -0.2504677891 0.9681257434
6.04 -0.2407740083 0.9705819523
6.05 -0.2310561501 0.9729411031
6.06 -0.2213151863 0.9752029598
6.07 -0.2115520909 0.9773672962
6.08 -0.2017678403 0.9794338959
6.09 -0.191963413 0.9814025521
6.1 -0.1821397893 0.9832730681
6.11 -0.1722979516 0.9850452568
6.12 -0.1624388842 0.986718941
6.13 -0.1525635728 0.9882939533
6.14 -0.1426730051 0.9897701362
6.15 -0.1327681701 0.9911473421
6.16 -0.1228500582 0.9924254332
6.17 -0.1129196614 0.9936042818
6.18 -0.1029779726 0.99468377
6.19 -0.09302598601 0.9956637898
6.2 -0.08306469681 0.9965442432
6.21 -0.07309510114 0.9973250422
6.22 -0.06311819597 0.9980061087
6.23 -0.05313497897 0.9985873745
6.24 -0.04314644848 0.9990687817
6.25 -0.03315360334 0.9994502819
6.26 -0.02315744284 0.9997318372
6.27 -0.01315896659 0.9999134192
6.28 -0.003159174454 0.9999950099
6.29 0.006840933604 0.9999766011
6.3 0.01684035757 0.9998581947
6.31 0.0268380975 0.9996398024
6.32 0.03683315362 0.9993214461
6.33 0.04682452642 0.9989031577
6.34 0.05681121677 0.998384979
6.35 0.066792226 0.9977669618
6.36 0.07676655601 0.9970491679
6.37 0.08673320936 0.9962316691
6.38 0.09669118939 0.9953145471
6.39 0.1066395003 0.9942978936
6.4 0.1165771473 0.9931818104
6.41 0.1265031365 0.991966409
6.42 0.1364164754 0.9906518109
6.43 0.1463161727 0.9892381477
6.44 0.1562012384 0.9877255606
6.45 0.1660706839 0.986114201
6.46 0.1759235224 0.98440423
6.47 0.1857587685 0.9825958185
6.48 0.1955754388 0.9806891475
6.49 0.2053725515 0.9786844075
6.5 0.2151491269 0.9765817991
6.51 0.2249041875 0.9743815326
6.52 0.2346367576 0.9720838278
6.53 0.244345864 0.9696889147
6.54 0.2540305359 0.9671970327
6.55 0.2636898047 0.964608431
6.56 0.2733227045 0.9619233685
6.57 0.2829282721 0.9591421136
6.58 0.2925055468 0.9562649445
6.59 0.3020535709 0.9532921489
6.6 0.3115713898 0.9502240241
6.61 0.3210580514 0.9470608769
6.62 0.3305126073 0.9438030236
6.63 0.3399341119 0.94045079
6.64 0.3493216231 0.9370045113
6.65 0.3586742021 0.9334645322
6.66 0.3679909137 0.9298312066
6.67 0.3772708263 0.9261048979
6.68 0.3865130117 0.9222859787
6.69 0.3957165458 0.918374831
6.7 0.4048805083 0.9143718457
6.71 0.4140039827 0.9102774232
6.72 0.4230860568 0.906091973
6.73 0.4321258222 0.9018159136
6.74 0.4411223751 0.8974496727
6.75 0.4500748157 0.8929936867
6.76 0.4589822488 0.8884484014
6.77 0.4678437837 0.8838142712
6.78 0.4766585342 0.8790917596
6.79 0.4854256189 0.8742813389
6.8 0.494144161 0.86938349
6.81 0.5028132887 0.8643987027
6.82 0.511432135 0.8593274756
6.83 0.5199998382 0.8541703157
6.84 0.5285155414 0.8489277388
6.85 0.536978393 0.8436002692
6.86 0.5453875467 0.8381884395
6.87 0.5537421618 0.8326927909
6.88 0.5620414026 0.8271138731
6.89 0.5702844392 0.8214522439
6.9 0.5784704474 0.8157084695
6.91 0.5865986086 0.8098831242
6.92 0.5946681099 0.8039767906
6.93 0.6026781444 0.7979900593
6.94 0.6106279111 0.791923529
6.95 0.618516615 0.7857778064
6.96 0.6263434672 0.779553506
6.97 0.6341076851 0.7732512502
6.98 0.6418084922 0.7668716693
6.99 0.6494451185 0.7604154013
7 0.6570168003 0.7538830917
7.01 0.6645227803 0.7472753938
7.02 0.6719623081 0.7405929684
7.03 0.6793346397 0.7338364836
7.04 0.6866390378 0.7270066152
7.05 0.693874772 0.7201040462
7.06 0.7010411187 0.7131294667
7.07 0.7081373613 0.7060835743
7.08 0.7151627902 0.6989670736
7.09 0.7221167028 0.6917806761
7.1 0.7289984037 0.6845251006
7.11 0.7358072048 0.6772010725
7.12 0.7425424252 0.6698093244
7.13 0.7492033913 0.6623505953
7.14 0.7557894371 0.6548256311
7.15 0.7622999039 0.6472351844
7.16 0.7687341408 0.6395800142
7.17 0.7750915042 0.631860886
7.18 0.7813713585 0.6240785717
7.19 0.7875730757 0.6162338495
7.2 0.7936960355 0.608327504
7.21 0.7997396257 0.6003603256
7.22 0.805703242 0.5923331113
7.23 0.811586288 0.5842466637
7.24 0.8173881753 0.5761017913
7.25 0.8231083238 0.5678993088
7.26 0.8287461615 0.5596400364
7.27 0.8343011245 0.5513248
7.28 0.8397726575 0.5429544311
7.29 0.8451602131 0.5345297667
7.3 0.8504632528 0.5260516494
7.31 0.8556812461 0.5175209269
7.32 0.8608136713 0.5089384523
7.33 0.8658600152 0.5003050839
7.34 0.870819773 0.4916216849
7.35 0.8756924489 0.4828891238
7.36 0.8804775555 0.4741082738
7.37 0.8851746143 0.465280013
7.38 0.8897831557 0.4564052241
7.39 0.8943027188 0.4474847947
7.4 0.8987328516 0.4385196169
7.41 0.9030731112 0.4295105871
7.42 0.9073230634 0.4204586062
7.43 0.9114822833 0.4113645795
7.44 0.915550355 0.4022294163
7.45 0.9195268716 0.3930540301
7.46 0.9234114356 0.3838393386
7.47 0.9272036584 0.3745862631
7.48 0.9309031608 0.365295729
7.49 0.934509573 0.3559686654
7.5 0.9380225341 0.3466060048
7.51 0.9414416931 0.3372086837
7.52 0.9447667078 0.3277776417
7.53 0.9479972459 0.3183138219
7.54 0.9511329843 0.3088181708
7.55 0.9541736093 0.2992916378
7.56 0.957118817 0.2897351757
7.57 0.9599683128 0.28014974
7.58 0.9627218118 0.2705362894
7.59 0.9653790386 0.2608957852
7.6 0.9679397275 0.2512291913
7.61 0.9704036224 0.2415374746
7.62 0.972770477 0.2318216041
7.63 0.9750400545 0.2220825514
7.64 0.977212128 0.2123212905
7.65 0.9792864803 0.2025387975
7.66 0.981262904 0.1927360505
7.67 0.9831412013 0.18291403
7.68 0.9849211846 0.1730737181
7.69 0.9866026757 0.1632160988
7.7 0.9881855066 0.1533421579
7.71 0.9896695189 0.1434528827
7.72 0.9910545642 0.1335492623
7.73 0.9923405041 0.123632287
7.74 0.99352721 0.1137029484
7.75 0.9946145631 0.1037622396
7.76 0.9956024548 0.09381115446
7.77 0.9964907862 0.08385068826
7.78 0.9972794685 0.07388183698
7.79 0.9979684229 0.06390559753
7.8 0.9985575805 0.05392296751
7.81 0.9990468823 0.0439349452
7.82 0.9994362794 0.03394252939
7.83 0.9997257328 0.02394671933
7.84 0.9999152138 0.01394851459
7.85 1.000004703 0.00394891501
7.86 0.9999941921 -0.006051079466
7.87 0.9998836816 -0.01605046883
7.88 0.9996731827 -0.02604825316
7.89 0.9993627165 -0.03604343265
7.9 0.998952314 -0.0460350078
7.91 0.9984420163 -0.05602197946
7.92 0.9978318744 -0.06600334891
7.93 0.9971219494 -0.07597811803
7.94 0.9963123121 -0.08594528934
7.95 0.9954030436 -0.09590386611
7.96 0.9943942348 -0.1058528525
7.97 0.9932859865 -0.1157912536
7.98 0.9920784097 -0.1257180756
7.99 0.990771625 -0.1356323258
8 0.9893657632 -0.1455330127
8.01 0.9878609648 -0.1554191463
8.02 0.9862573802 -0.1652897381
8.03 0.98455517 -0.1751438008
8.04 0.9827545042 -0.1849803492
8.05 0.980855563 -0.1947983995
8.06 0.9788585362 -0.20459697
8.07 0.9767636236 -0.2143750808
8.08 0.9745710346 -0.2241317541
8.09 0.9722809885 -0.2338660142
8.1 0.9698937143 -0.2435768877
8.11 0.9674094508 -0.2532634036
8.12 0.9648284463 -0.2629245931
8.13 0.9621509589 -0.2725594901
8.14 0.9593772565 -0.2821671312
8.15 0.9565076163 -0.2917465555
8.16 0.9535423253 -0.3012968052
8.17 0.9504816802 -0.3108169253
8.18 0.9473259868 -0.3203059636
8.19 0.9440755609 -0.3297629713
8.2 0.9407307274 -0.3391870028
8.21 0.9372918209 -0.3485771155
8.22 0.9337591851 -0.3579323705
8.23 0.9301331734 -0.3672518323
8.24 0.9264141485 -0.3765345689
8.25 0.9226024821 -0.3857796521
8.26 0.9186985554 -0.3949861573
8.27 0.9147027589 -0.4041531639
8.28 0.9106154921 -0.4132797551
8.29 0.9064371638 -0.4223650184
8.3 0.9021681918 -0.4314080452
8.31 0.8978090029 -0.4404079311
8.32 0.8933600331 -0.4493637763
8.33 0.8888217274 -0.4582746851
8.34 0.8841945394 -0.4671397665
8.35 0.8794789321 -0.4759581338
8.36 0.8746753768 -0.4847289054
8.37 0.8697843539 -0.493451204
8.38 0.8648063527 -0.5021241576
8.39 0.8597418708 -0.5107468987
8.4 0.8545914147 -0.5193185651
8.41 0.8493554995 -0.5278382997
8.42 0.8440346487 -0.5363052504
8.43 0.8386293945 -0.5447185706
8.44 0.8331402773 -0.553077419
8.45 0.8275678461 -0.5613809596
8.46 0.8219126581 -0.5696283621
8.47 0.8161752789 -0.5778188018
8.48 0.8103562821 -0.5859514596
8.49 0.8044562497 -0.5940255223
8.5 0.7984757716 -0.6020401824
8.51 0.792415446 -0.6099946385
8.52 0.7862758789 -0.6178880951
8.53 0.7800576841 -0.6257197629
8.54 0.7737614836 -0.6334888587
8.55 0.7673879069 -0.6411946057
8.56 0.7609375915 -0.6488362332
8.57 0.7544111823 -0.6564129771
8.58 0.747809332 -0.6639240796
8.59 0.7411327007 -0.6713687898
8.6 0.7343819562 -0.6787463631
8.61 0.7275577734 -0.6860560617
8.62 0.7206608349 -0.6932971548
8.63 0.7136918303 -0.7004689181
8.64 0.7066514566 -0.7075706345
8.65 0.6995404176 -0.7146015939
8.66 0.6923594247 -0.7215610931
8.67 0.6851091958 -0.7284484362
8.68 0.677790456 -0.7352629345
8.69 0.6704039371 -0.7420039064
8.7 0.6629503778 -0.748670678
8.71 0.6554305235 -0.7552625825
8.72 0.6478451262 -0.7617789608
8.73 0.6401949443 -0.7682191611
8.74 0.632480743 -0.7745825396
8.75 0.6247032935 -0.7808684597
8.76 0.6168633738 -0.7870762931
8.77 0.6089617677 -0.7932054188
8.78 0.6009992654 -0.7992552239
8.79 0.5929766632 -0.8052251036
8.8 0.5848947633 -0.8111144607
8.81 0.576754374 -0.8169227064
8.82 0.5685563092 -0.8226492598
8.83 0.5603013888 -0.8282935483
8.84 0.5519904382 -0.8338550074
8.85 0.5436242886 -0.8393330811
8.86 0.5352037766 -0.8447272214
8.87 0.5267297442 -0.850036889
8.88 0.5182030388 -0.8552615529
8.89 0.5096245131 -0.8604006907
8.9 0.500995025 -0.8654537884
8.91 0.4923154374 -0.8704203407
8.92 0.4835866182 -0.875299851
8.93 0.4748094404 -0.8800918313
8.94 0.4659847816 -0.8847958024
8.95 0.4571135243 -0.8894112939
8.96 0.4481965557 -0.8939378443
8.97 0.4392347674 -0.8983750009
8.98 0.4302290557 -0.90272232
8.99 0.421180321 -0.9069793669
9 0.4120894683 -0.9111457159
9.01 0.4029574067 -0.9152209502
9.02 0.3937850493 -0.9192046625
9.03 0.3845733135 -0.9230964543
9.04 0.3753231202 -0.9268959365
9.05 0.3660353947 -0.9306027291
9.06 0.3567110657 -0.9342164614
9.07 0.3473510655 -0.937736772
9.08 0.3379563302 -0.941163309
9.09 0.3285277993 -0.9444957297
9.1 0.3190664156 -0.9477337007
9.11 0.3095731253 -0.9508768984
9.12 0.3000488777 -0.9539250085
9.13 0.2904946251 -0.956877726
9.14 0.2809113231 -0.9597347557
9.15 0.27129993 -0.962495812
9.16 0.2616614069 -0.9651606187
9.17 0.2519967176 -0.9677289093
9.18 0.2423068287 -0.970200427
9.19 0.2325927091 -0.9725749247
9.2 0.2228553302 -0.9748521649
9.21 0.2130956658 -0.9770319199
9.22 0.2033146918 -0.9791139717
9.23 0.1935133864 -0.9810981121
9.24 0.1836927296 -0.9829841426
9.25 0.1738537035 -0.9847718748
9.26 0.1639972921 -0.9864611298
9.27 0.1541244809 -0.9880517386
9.28 0.1442362573 -0.9895435423
9.29 0.1343336101 -0.9909363917
9.3 0.1244175295 -0.9922301474
9.31 0.1144890071 -0.9934246801
9.32 0.1045490359 -0.9945198703
9.33 0.09459860972 -0.9955156085
9.34 0.08463872371 -0.9964117952
9.35 0.07467037382 -0.9972083407
9.36 0.06469455689 -0.9979051653
9.37 0.05471227051 -0.9985021994
9.38 0.04472451291 -0.9989993834
9.39 0.03473228285 -0.9993966673
9.4 0.02473657956 -0.9996940117
9.41 0.01473840261 -0.9998913866
9.42 0.004738751828 -0.9999887723
9.43 -0.005261372833 -0.9999861592
9.44 -0.01526097136 -0.9998835475
9.45 -0.02525904378 -0.9996809474
9.46 -0.03525459031 -0.9993783793
9.47 -0.04524661137 -0.9989758733
9.48 -0.05523410777 -0.9984734697
9.49 -0.06521608076 -0.9978712187
9.5 -0.07519153214 -0.9971691806
9.51 -0.08515946437 -0.9963674257
9.52 -0.09511888066 -0.9954660339
9.53 -0.1050687851 -0.9944650956
9.54 -0.1150081826 -0.9933647108
9.55 -0.1249360793 -0.9921649895
9.56 -0.1348514824 -0.9908660517
9.57 -0.1447534003 -0.9894680272
9.58 -0.1546408429 -0.987971056
9.59 -0.1645128214 -0.9863752877
9.6 -0.1743683487 -0.9846808819
9.61 -0.1842064391 -0.9828880079
9.62 -0.1940261088 -0.9809968452
9.63 -0.203826376 -0.9790075828
9.64 -0.2136062605 -0.9769204196
9.65 -0.2233647844 -0.9747355643
9.66 -0.2331009718 -0.9724532356
9.67 -0.2428138491 -0.9700736615
9.68 -0.252502445 -0.96759708
9.69 -0.2621657907 -0.9650237388
9.7 -0.2718029198 -0.9623538953
9.71 -0.2814128686 -0.9595878163
9.72 -0.2909946761 -0.9567257786
9.73 -0.3005473841 -0.9537680683
9.74 -0.3100700375 -0.9507149812
9.75 -0.3195616838 -0.9475668226
9.76 -0.3290213739 -0.9443239073
9.77 -0.3384481619 -0.9409865596
9.78 -0.3478411051 -0.9375551133
9.79 -0.3571992642 -0.9340299114
9.8 -0.3665217033 -0.9304113066
9.81 -0.3758074903 -0.9266996606
9.82 -0.3850556965 -0.9228953447
9.83 -0.3942653972 -0.9189987392
9.84 -0.4034356713 -0.9150102339
9.85 -0.4125656019 -0.9109302275
9.86 -0.4216542759 -0.9067591281
9.87 -0.4307007844 -0.9024973528
9.88 -0.4397042229 -0.8981453278
9.89 -0.448663691 -0.8937034882
9.9 -0.4575782927 -0.8891722783
9.91 -0.4664471366 -0.8845521512
9.92 -0.4752693357 -0.8798435688
9.93 -0.4840440079 -0.8750470021
9.94 -0.4927702758 -0.8701629307
9.95 -0.5014472666 -0.8651918429
9.96 -0.5100741126 -0.860134236
9.97 -0.5186499513 -0.8549906157
9.98 -0.5271739249 -0.8497614963
9.99 -0.5356451812 -0.8444474008
10 -0.544062873 -0.8390488605
10.01 -0.5524261584 -0.8335664154
