./outputs/diff/const008.diff
./outputs/diff/constructor006.diff
./outputs/diff/err-PDBline.diff
./outputs/diff/err-except006.diff
./outputs/diff/err-expr001.diff
./outputs/diff/err-modules001.diff
./outputs/diff/err-modules002.diff
./outputs/diff/err-selective001.diff
./outputs/diff/err-selective002.diff
./outputs/diff/err-selective003.diff
./outputs/diff/err-selective004.diff
./outputs/diff/err-selective005.diff
./outputs/diff/err-selective006.diff
./outputs/diff/err-selective012.diff
./outputs/diff/err-selective013.diff
./outputs/diff/err-types004.diff
./outputs/diff/methods005.diff
./outputs/diff/modules-enum001.diff
./outputs/diff/modules-extern002.diff
./outputs/diff/modules001.diff
./outputs/diff/modules005.diff
./outputs/diff/modules007.diff
./outputs/diff/modules018.diff
./outputs/diff/selective001.diff
./outputs/diff/selective002.diff
./outputs/diff/selective003.diff
./outputs/diff/selective004.diff
./outputs/diff/selective017.diff
./outputs/diff/selective017a.diff
