./sl: inputs/err-typecompat004a.snl(29,23): ERROR, incompatible types for function 'my_length' argument nr. 1
    return my_length(m); // ???
                      ^
./sl: inputs/err-typecompat004a.snl(34,23): ERROR, incompatible types for function 'my_length' argument nr. 1
    return my_length(m); // ERROR
                      ^
./sl: inputs/err-typecompat004a.snl(42,8): ERROR, incompatible types for function 'p' argument nr. 1
. p( a ); // ERROR
       ^
./sl: inputs/err-typecompat004a.snl(44,8): ERROR, incompatible types for function 'p' argument nr. 1
. p( x ); // ERROR
       ^
./sl: inputs/err-typecompat004a.snl(45,8): ERROR, incompatible types for function 'p' argument nr. 1
. p( r ); // ERROR
       ^
./sl: inputs/err-typecompat004a.snl(47,9): ERROR, incompatible types for function 'p1' argument nr. 1
. p1( a ); // OK!!
        ^
./sl: inputs/err-typecompat004a.snl(50,9): ERROR, incompatible types for function 'p1' argument nr. 1
. p1( r ); // ERROR
        ^
./sl: inputs/err-typecompat004a.snl(53,9): ERROR, type 'A' has no conversion from the given type
. p2( m ); // OK
        ^
./sl: inputs/err-typecompat004a.snl(54,9): ERROR, type 'A' has no conversion from the given type
. p2( x ); // ERROR
        ^
./sl: 9 error(s) detected

