./sl: inputs/fnproto001.snl(5,55): ERROR, cannot declare parameters (starting with 'a') of a nominal type 'T'
function minmax( a: array of type T; cmp: function(T a; T b)->(int) ): T, T, int, int;
                                                      ^
./sl: inputs/fnproto001.snl(5,60): ERROR, cannot declare parameters (starting with 'b') of a nominal type 'T'
function minmax( a: array of type T; cmp: function(T a; T b)->(int) ): T, T, int, int;
                                                           ^
./sl: inputs/fnproto001.snl(5,73): ERROR, cannot return value of a nominal type 'T'
function minmax( a: array of type T; cmp: function(T a; T b)->(int) ): T, T, int, int;
                                                                        ^
./sl: inputs/fnproto001.snl(5,76): ERROR, cannot return value of a nominal type 'T'
function minmax( a: array of type T; cmp: function(T a; T b)->(int) ): T, T, int, int;
                                                                           ^
./sl: inputs/fnproto001.snl(7,55): ERROR, cannot declare parameters (starting with 'a') of a nominal type 'T'
function minmax( a: array of type T; cmp: function(T a; T b)->(int) ): T, T, int, int
                                                      ^
./sl: inputs/fnproto001.snl(7,60): ERROR, cannot declare parameters (starting with 'b') of a nominal type 'T'
function minmax( a: array of type T; cmp: function(T a; T b)->(int) ): T, T, int, int
                                                           ^
./sl: inputs/fnproto001.snl(7,73): ERROR, cannot return value of a nominal type 'T'
function minmax( a: array of type T; cmp: function(T a; T b)->(int) ): T, T, int, int
                                                                        ^
./sl: inputs/fnproto001.snl(7,76): ERROR, cannot return value of a nominal type 'T'
function minmax( a: array of type T; cmp: function(T a; T b)->(int) ): T, T, int, int
                                                                           ^
./sl: 8 error(s) detected

