53.5
2.5
>>> computed 3 simplex points
>>> computed 3 energies

Step: 0
Simplex:
0  1 2 energy = 53.5 distances:  2  2
1  3 2 energy = 53.5 distances:  2.82843
2  1 4 energy = 101.5 distances:
ilow, inext, ihigh = 0 1 2

Step: 1
Simplex:
0  1 2 energy = 53.5 distances:  2  5
1  3 2 energy = 53.5 distances:  4.12311
2  4 -2 energy = 8.5 distances:
ilow, inext, ihigh = 2 0 1

Step: 2
Simplex:
0  1 2 energy = 53.5 distances:  4.12311  5
1  2 -2 energy = 4.5 distances:  2
2  4 -2 energy = 8.5 distances:
ilow, inext, ihigh = 1 2 0

Step: 3
Simplex:
0  4 -4 energy = 8.5 distances:  2.82843  2
1  2 -2 energy = 4.5 distances:  2
2  4 -2 energy = 8.5 distances:
ilow, inext, ihigh = 1 2 0

Step: 4
Simplex:
0  3.5 -3 energy = 4.75 distances:  1.80278  1.11803
1  2 -2 energy = 4.5 distances:  2
2  4 -2 energy = 8.5 distances:
ilow, inext, ihigh = 1 0 2

Step: 5
Simplex:
0  3.5 -3 energy = 4.75 distances:  1.80278  2
1  2 -2 energy = 4.5 distances:  1.11803
2  1.5 -3 energy = 2.75 distances:
ilow, inext, ihigh = 2 1 0

Step: 6
Simplex:
0  2.625 -2.75 energy = 3.01562 distances:  0.976281  1.15244
1  2 -2 energy = 4.5 distances:  1.11803
2  1.5 -3 energy = 2.75 distances:
ilow, inext, ihigh = 2 0 1

Step: 7
Simplex:
0  2.625 -2.75 energy = 3.01562 distances:  0.773714  1.15244
1  2.09375 -3.3125 energy = 2.7041 distances:  0.670966
2  1.5 -3 energy = 2.75 distances:
ilow, inext, ihigh = 1 2 0

Step: 8
Simplex:
0  2.21094 -2.95312 energy = 2.54889 distances:  0.377999  0.712481
1  2.09375 -3.3125 energy = 2.7041 distances:  0.670966
2  1.5 -3 energy = 2.75 distances:
ilow, inext, ihigh = 0 1 2

Step: 9
Simplex:
0  2.21094 -2.95312 energy = 2.54889 distances:  0.377999  0.401095
1  2.09375 -3.3125 energy = 2.7041 distances:  0.363538
2  1.82617 -3.06641 energy = 2.53904 distances:
ilow, inext, ihigh = 2 0 1

Step: 10
Simplex:
0  2.21094 -2.95312 energy = 2.54889 distances:  0.248725  0.401095
1  1.98096 -2.8584 energy = 2.54046 distances:  0.259279
2  1.82617 -3.06641 energy = 2.53904 distances:
ilow, inext, ihigh = 2 1 0

Step: 11
Simplex:
0  2.05725 -2.95776 energy = 2.50685 distances:  0.125277  0.255344
1  1.98096 -2.8584 energy = 2.54046 distances:  0.259279
2  1.82617 -3.06641 energy = 2.53904 distances:
ilow, inext, ihigh = 0 2 1

Step: 12
Simplex:
0  2.05725 -2.95776 energy = 2.50685 distances:  0.0985254  0.255344
1  1.96133 -2.93524 energy = 2.50988 distances:  0.188343
2  1.82617 -3.06641 energy = 2.53904 distances:
ilow, inext, ihigh = 0 1 2

Step: 13
Simplex:
0  2.05725 -2.95776 energy = 2.50685 distances:  0.0985254  0.147771
1  1.96133 -2.93524 energy = 2.50988 distances:  0.0835008
2  1.91773 -3.00645 energy = 2.50685 distances:
ilow, inext, ihigh = 0 2 1

Step: 14
Simplex:
0  2.05725 -2.95776 energy = 2.50685 distances:  0.0835008  0.147771
1  2.01365 -3.02898 energy = 2.50187 distances:  0.0985254
2  1.91773 -3.00645 energy = 2.50685 distances:
ilow, inext, ihigh = 1 0 2

Step: 15
Simplex:
0  2.05725 -2.95776 energy = 2.50685 distances:  0.0835008  0.0910083
1  2.01365 -3.02898 energy = 2.50187 distances:  0.0470958
2  1.97659 -2.99991 energy = 2.50055 distances:
ilow, inext, ihigh = 2 1 0

Step: 16
Simplex:
0  2.02619 -2.9861 energy = 2.50107 distances:  0.0446678  0.0514808
1  2.01365 -3.02898 energy = 2.50187 distances:  0.0470958
2  1.97659 -2.99991 energy = 2.50055 distances:
ilow, inext, ihigh = 2 0 1

Step: 17
Simplex:
0  2.02619 -2.9861 energy = 2.50107 distances:  0.0311107  0.0514808
1  2.00752 -3.01099 energy = 2.5003 distances:  0.0328525
2  1.97659 -2.99991 energy = 2.50055 distances:
ilow, inext, ihigh = 1 2 0

Step: 18
Simplex:
0  2.00912 -2.99578 energy = 2.50012 distances:  0.0152983  0.0327908
1  2.00752 -3.01099 energy = 2.5003 distances:  0.0328525
2  1.97659 -2.99991 energy = 2.50055 distances:
ilow, inext, ihigh = 0 1 2

Step: 19
Simplex:
0  2.00912 -2.99578 energy = 2.50012 distances:  0.0152983  0.0176688
1  2.00752 -3.01099 energy = 2.5003 distances:  0.0177261
2  1.99246 -3.00165 energy = 2.50006 distances:
ilow, inext, ihigh = 2 0 1

Step: 20
Simplex:
0  2.00912 -2.99578 energy = 2.50012 distances:  0.0103451  0.0176688
1  2.00415 -3.00485 energy = 2.50006 distances:  0.0121289
2  1.99246 -3.00165 energy = 2.50006 distances:
ilow, inext, ihigh = 2 1 0

Step: 21
Simplex:
0  2.00371 -2.99951 energy = 2.50001 distances:  0.00535662  0.0114575
1  2.00415 -3.00485 energy = 2.50006 distances:  0.0121289
2  1.99246 -3.00165 energy = 2.50006 distances:
ilow, inext, ihigh = 0 2 1

Step: 22
Simplex:
0  2.00371 -2.99951 energy = 2.50001 distances:  0.00412125  0.0114575
1  2.00112 -3.00272 energy = 2.50002 distances:  0.0087288
2  1.99246 -3.00165 energy = 2.50006 distances:
ilow, inext, ihigh = 0 1 2

Step: 23
Simplex:
0  2.00371 -2.99951 energy = 2.50001 distances:  0.00412125  0.00654903
1  2.00112 -3.00272 energy = 2.50002 distances:  0.00391757
2  1.99744 -3.00138 energy = 2.50001 distances:
ilow, inext, ihigh = 2 0 1

Step: 24
Simplex:
0  2.00371 -2.99951 energy = 2.50001 distances:  0.00391777  0.00654903
1  2.00003 -2.99818 energy = 2.50001 distances:  0.00412136
2  1.99744 -3.00138 energy = 2.50001 distances:
ilow, inext, ihigh = 1 2 0

Step: 25
Simplex:
0  2.00122 -2.99965 energy = 2.5 distances:  0.00189195  0.00416534
1  2.00003 -2.99818 energy = 2.50001 distances:  0.00412136
2  1.99744 -3.00138 energy = 2.50001 distances:
ilow, inext, ihigh = 0 1 2

Step: 26
Simplex:
0  2.00122 -2.99965 energy = 2.5 distances:  0.00189195  0.00224813
1  2.00003 -2.99818 energy = 2.50001 distances:  0.00220715
2  1.99903 -3.00015 energy = 2.5 distances:
ilow, inext, ihigh = 2 0 1

Step: 27
Simplex:
0  2.00122 -2.99965 energy = 2.5 distances:  0.00152533  0.00224813
1  2.00017 -3.00076 energy = 2.5 distances:  0.00129654
2  1.99903 -3.00015 energy = 2.5 distances:
ilow, inext, ihigh = 2 1 0

Step: 28
Simplex:
0  2.00041 -3.00005 energy = 2.5 distances:  0.000745504  0.00138556
1  2.00017 -3.00076 energy = 2.5 distances:  0.00129654
2  1.99903 -3.00015 energy = 2.5 distances:
ilow, inext, ihigh = 0 2 1

Step: 29
Simplex:
0  2.00041 -3.00005 energy = 2.5 distances:  0.000598419  0.00138556
1  1.99995 -3.00043 energy = 2.5 distances:  0.000959639
2  1.99903 -3.00015 energy = 2.5 distances:
ilow, inext, ihigh = 0 1 2

Step: 30
Simplex:
0  2.00041 -3.00005 energy = 2.5 distances:  0.000598419  0.000819786
1  1.99995 -3.00043 energy = 2.5 distances:  0.000415394
2  1.99961 -3.00019 energy = 2.5 distances:
ilow, inext, ihigh = 0 0 1

Step: 31
Simplex:
0  2.00041 -3.00005 energy = 2.5 distances:  0.000415627  0.000819786
1  2.00007 -2.99982 energy = 2.5 distances:  0.000598477
2  1.99961 -3.00019 energy = 2.5 distances:
ilow, inext, ihigh = 1 2 0

Step: 32
Simplex:
0  2.00012 -3.00003 energy = 2.5 distances:  0.000218882  0.000545558
1  2.00007 -2.99982 energy = 2.5 distances:  0.000598477
2  1.99961 -3.00019 energy = 2.5 distances:
ilow, inext, ihigh = 0 1 2

Step: 33
Simplex:
0  2.00012 -3.00003 energy = 2.5 distances:  0.000218882  0.000275348
1  2.00007 -2.99982 energy = 2.5 distances:  0.000325633
2  1.99985 -3.00006 energy = 2.5 distances:
ilow, inext, ihigh = 0 0 1
2.5 2.5
2.00012  -3.00003  
>>> computed 3 simplex points
>>> computed 3 energies
2.5 32
1.99985  -3.00006  
>>> computed 3 simplex points
>>> computed 3 energies
2.5 41
1.99997  -3.00009  
>>> computed 3 simplex points
>>> computed 3 energies
2.5 45
1.99977  -3  
