....................
....................
....oo..............
...o.o..............
.....o..............
....................
....................
....................
....................
....................
....................
....................
....................
....................
....................
....................
....................
....................
....................
....................

Generation: 1 Organisms: 5
....................
....................
....oo..............
.....oo.............
....o...............
....................
....................
....................
....................
....................
....................
....................
....................
....................
....................
....................
....................
....................
....................
....................

Generation: 2 Organisms: 5
....................
....................
....ooo.............
......o.............
.....o..............
....................
....................
....................
....................
....................
....................
....................
....................
....................
....................
....................
....................
....................
....................
....................

Generation: 3 Organisms: 5
....................
.....o..............
.....oo.............
....o.o.............
....................
....................
....................
....................
....................
....................
....................
....................
....................
....................
....................
....................
....................
....................
....................
....................

Generation: 4 Organisms: 5
....................
.....oo.............
....o.o.............
......o.............
....................
....................
....................
....................
....................
....................
....................
....................
....................
....................
....................
....................
....................
....................
....................
....................

Generation: 5 Organisms: 5
....................
.....oo.............
......oo............
.....o..............
....................
....................
....................
....................
....................
....................
....................
....................
....................
....................
....................
....................
....................
....................
....................
....................

Generation: 6 Organisms: 5
....................
.....ooo............
.......o............
......o.............
....................
....................
....................
....................
....................
....................
....................
....................
....................
....................
....................
....................
....................
....................
....................
....................

Generation: 7 Organisms: 5
......o.............
......oo............
.....o.o............
....................
....................
....................
....................
....................
....................
....................
....................
....................
....................
....................
....................
....................
....................
....................
....................
....................

Generation: 8 Organisms: 5
......oo............
.....o.o............
.......o............
....................
....................
....................
....................
....................
....................
....................
....................
....................
....................
....................
....................
....................
....................
....................
....................
....................

Generation: 9 Organisms: 5
......oo............
.......oo...........
......o.............
....................
....................
....................
....................
....................
....................
....................
....................
....................
....................
....................
....................
....................
....................
....................
....................
....................

Generation: 10 Organisms: 5
......ooo...........
........o...........
.......o............
....................
....................
....................
....................
....................
....................
....................
....................
....................
....................
....................
....................
....................
....................
....................
....................
....................

