0 0 0 0 0 0 0 0 0 0 
0 0 0 0 0 0 0 0 0 0 
0 0 0 0 0 0 0 0 0 0 
0 0 0 0 0 0 0 0 0 0 
0 0 0 0 0 0 0 0 0 0 
0 0 0 0 0 0 0 0 0 0 
0 0 0 0 0 0 0 0 0 0 
0 0 0 0 0 0 0 0 0 0 
0 0 0 0 0 0 0 0 0 0 
0 0 0 0 0 0 0 0 0 0 
0 0 0 0 0 0 0 0 0 0 
0 0 0 0 0 0 0 0 0 0 
0 0 0 0 0 0 0 0 0 0 
0 0 0 0 0 0 0 0 0 0 
0 0 0 0 0 0 0 0 0 0 
0 0 0 0 0 0 0 0 0 0 
0 0 0 0 0 0 0 0 0 0 
0 0 0 0 0 0 0 0 0 0 
0 0 0 0 0 0 0 0 0 0 
0 0 0 0 0 0 0 0 0 0 

0 0 0 0 0 0 0 0 0 0 
0 1 2 3 4 5 6 7 8 9 
0 2 4 6 8 10 12 14 16 18 
0 3 6 9 12 15 18 21 24 27 
0 4 8 12 16 20 24 28 32 36 
0 5 10 15 20 25 30 35 40 45 
0 6 12 18 24 30 36 42 48 54 
0 7 14 21 28 35 42 49 56 63 
0 8 16 24 32 40 48 56 64 72 
0 9 18 27 36 45 54 63 72 81 
0 10 20 30 40 50 60 70 80 90 
0 11 22 33 44 55 66 77 88 99 
0 12 24 36 48 60 72 84 96 108 
0 13 26 39 52 65 78 91 104 117 
0 14 28 42 56 70 84 98 112 126 
0 15 30 45 60 75 90 105 120 135 
0 16 32 48 64 80 96 112 128 144 
0 17 34 51 68 85 102 119 136 153 
0 18 36 54 72 90 108 126 144 162 
0 19 38 57 76 95 114 133 152 171 

0 0 0 0 0 0 0 0 0 0 
0 0 0 0 0 0 0 0 0 0 
0 4 8 12 16 20 24 28 32 36 
0 6 12 18 24 30 36 42 48 54 
0 8 16 24 32 40 48 56 64 72 
0 10 20 30 40 50 60 70 80 90 
0 12 24 36 48 60 72 84 96 108 
0 14 28 42 56 70 84 98 112 126 
0 16 32 48 64 80 96 112 128 144 
0 18 36 54 72 90 108 126 144 162 
0 20 40 60 80 100 120 140 160 180 
0 22 44 66 88 110 132 154 176 198 
0 24 48 72 96 120 144 168 192 216 
0 26 52 78 104 130 156 182 208 234 
0 28 56 84 112 140 168 196 224 252 
0 30 60 90 120 150 180 210 240 270 
0 32 64 96 128 160 192 224 256 288 
0 34 68 102 136 170 204 238 272 306 
0 36 72 108 144 180 216 252 288 324 
0 38 76 114 152 190 228 266 304 342 

0 0 0 0 0 0 0 0 0 0 
0 0 0 0 0 0 0 0 0 0 
0 0 0 0 0 0 0 0 0 0 
0 9 18 27 36 45 54 63 72 81 
0 12 24 36 48 60 72 84 96 108 
0 15 30 45 60 75 90 105 120 135 
0 18 36 54 72 90 108 126 144 162 
0 21 42 63 84 105 126 147 168 189 
0 24 48 72 96 120 144 168 192 216 
0 27 54 81 108 135 162 189 216 243 
0 30 60 90 120 150 180 210 240 270 
0 33 66 99 132 165 198 231 264 297 
0 36 72 108 144 180 216 252 288 324 
0 39 78 117 156 195 234 273 312 351 
0 42 84 126 168 210 252 294 336 378 
0 45 90 135 180 225 270 315 360 405 
0 48 96 144 192 240 288 336 384 432 
0 51 102 153 204 255 306 357 408 459 
0 54 108 162 216 270 324 378 432 486 
0 57 114 171 228 285 342 399 456 513 

0 0 0 0 0 0 0 0 0 0 
0 0 0 0 0 0 0 0 0 0 
0 0 0 0 0 0 0 0 0 0 
0 0 0 0 0 0 0 0 0 0 
0 16 32 48 64 80 96 112 128 144 
0 20 40 60 80 100 120 140 160 180 
0 24 48 72 96 120 144 168 192 216 
0 28 56 84 112 140 168 196 224 252 
0 32 64 96 128 160 192 224 256 288 
0 36 72 108 144 180 216 252 288 324 
0 40 80 120 160 200 240 280 320 360 
0 44 88 132 176 220 264 308 352 396 
0 48 96 144 192 240 288 336 384 432 
0 52 104 156 208 260 312 364 416 468 
0 56 112 168 224 280 336 392 448 504 
0 60 120 180 240 300 360 420 480 540 
0 64 128 192 256 320 384 448 512 576 
0 68 136 204 272 340 408 476 544 612 
0 72 144 216 288 360 432 504 576 648 
0 76 152 228 304 380 456 532 608 684 

0 0 0 0 0 0 0 0 0 0 
0 0 0 0 0 0 0 0 0 0 
0 0 0 0 0 0 0 0 0 0 
0 0 0 0 0 0 0 0 0 0 
0 0 0 0 0 0 0 0 0 0 
0 25 50 75 100 125 150 175 200 225 
0 30 60 90 120 150 180 210 240 270 
0 35 70 105 140 175 210 245 280 315 
0 40 80 120 160 200 240 280 320 360 
0 45 90 135 180 225 270 315 360 405 
0 50 100 150 200 250 300 350 400 450 
0 55 110 165 220 275 330 385 440 495 
0 60 120 180 240 300 360 420 480 540 
0 65 130 195 260 325 390 455 520 585 
0 70 140 210 280 350 420 490 560 630 
0 75 150 225 300 375 450 525 600 675 
0 80 160 240 320 400 480 560 640 720 
0 85 170 255 340 425 510 595 680 765 
0 90 180 270 360 450 540 630 720 810 
0 95 190 285 380 475 570 665 760 855 

0 0 0 0 0 0 0 0 0 0 
0 0 0 0 0 0 0 0 0 0 
0 0 0 0 0 0 0 0 0 0 
0 0 0 0 0 0 0 0 0 0 
0 0 0 0 0 0 0 0 0 0 
0 0 0 0 0 0 0 0 0 0 
0 36 72 108 144 180 216 252 288 324 
0 42 84 126 168 210 252 294 336 378 
0 48 96 144 192 240 288 336 384 432 
0 54 108 162 216 270 324 378 432 486 
0 60 120 180 240 300 360 420 480 540 
0 66 132 198 264 330 396 462 528 594 
0 72 144 216 288 360 432 504 576 648 
0 78 156 234 312 390 468 546 624 702 
0 84 168 252 336 420 504 588 672 756 
0 90 180 270 360 450 540 630 720 810 
0 96 192 288 384 480 576 672 768 864 
0 102 204 306 408 510 612 714 816 918 
0 108 216 324 432 540 648 756 864 972 
0 114 228 342 456 570 684 798 912 1026 

0 0 0 0 0 0 0 0 0 0 
0 0 0 0 0 0 0 0 0 0 
0 0 0 0 0 0 0 0 0 0 
0 0 0 0 0 0 0 0 0 0 
0 0 0 0 0 0 0 0 0 0 
0 0 0 0 0 0 0 0 0 0 
0 0 0 0 0 0 0 0 0 0 
0 49 98 147 196 245 294 343 392 441 
0 56 112 168 224 280 336 392 448 504 
0 63 126 189 252 315 378 441 504 567 
0 70 140 210 280 350 420 490 560 630 
0 77 154 231 308 385 462 539 616 693 
0 84 168 252 336 420 504 588 672 756 
0 91 182 273 364 455 546 637 728 819 
0 98 196 294 392 490 588 686 784 882 
0 105 210 315 420 525 630 735 840 945 
0 112 224 336 448 560 672 784 896 1008 
0 119 238 357 476 595 714 833 952 1071 
0 126 252 378 504 630 756 882 1008 1134 
0 133 266 399 532 665 798 931 1064 1197 

0 0 0 0 0 0 0 0 0 0 
0 0 0 0 0 0 0 0 0 0 
0 0 0 0 0 0 0 0 0 0 
0 0 0 0 0 0 0 0 0 0 
0 0 0 0 0 0 0 0 0 0 
0 0 0 0 0 0 0 0 0 0 
0 0 0 0 0 0 0 0 0 0 
0 0 0 0 0 0 0 0 0 0 
0 64 128 192 256 320 384 448 512 576 
0 72 144 216 288 360 432 504 576 648 
0 80 160 240 320 400 480 560 640 720 
0 88 176 264 352 440 528 616 704 792 
0 96 192 288 384 480 576 672 768 864 
0 104 208 312 416 520 624 728 832 936 
0 112 224 336 448 560 672 784 896 1008 
0 120 240 360 480 600 720 840 960 1080 
0 128 256 384 512 640 768 896 1024 1152 
0 136 272 408 544 680 816 952 1088 1224 
0 144 288 432 576 720 864 1008 1152 1296 
0 152 304 456 608 760 912 1064 1216 1368 

0 0 0 0 0 0 0 0 0 0 
0 0 0 0 0 0 0 0 0 0 
0 0 0 0 0 0 0 0 0 0 
0 0 0 0 0 0 0 0 0 0 
0 0 0 0 0 0 0 0 0 0 
0 0 0 0 0 0 0 0 0 0 
0 0 0 0 0 0 0 0 0 0 
0 0 0 0 0 0 0 0 0 0 
0 0 0 0 0 0 0 0 0 0 
0 81 162 243 324 405 486 567 648 729 
0 90 180 270 360 450 540 630 720 810 
0 99 198 297 396 495 594 693 792 891 
0 108 216 324 432 540 648 756 864 972 
0 117 234 351 468 585 702 819 936 1053 
0 126 252 378 504 630 756 882 1008 1134 
0 135 270 405 540 675 810 945 1080 1215 
0 144 288 432 576 720 864 1008 1152 1296 
0 153 306 459 612 765 918 1071 1224 1377 
0 162 324 486 648 810 972 1134 1296 1458 
0 171 342 513 684 855 1026 1197 1368 1539 

0 0 0 0 0 0 0 0 0 0 
0 0 0 0 0 0 0 0 0 0 
0 0 0 0 0 0 0 0 0 0 
0 0 0 0 0 0 0 0 0 0 
0 0 0 0 0 0 0 0 0 0 
0 0 0 0 0 0 0 0 0 0 
0 0 0 0 0 0 0 0 0 0 
0 0 0 0 0 0 0 0 0 0 
0 0 0 0 0 0 0 0 0 0 
0 0 0 0 0 0 0 0 0 0 
0 100 200 300 400 500 600 700 800 900 
0 110 220 330 440 550 660 770 880 990 
0 120 240 360 480 600 720 840 960 1080 
0 130 260 390 520 650 780 910 1040 1170 
0 140 280 420 560 700 840 980 1120 1260 
0 150 300 450 600 750 900 1050 1200 1350 
0 160 320 480 640 800 960 1120 1280 1440 
0 170 340 510 680 850 1020 1190 1360 1530 
0 180 360 540 720 900 1080 1260 1440 1620 
0 190 380 570 760 950 1140 1330 1520 1710 

0 0 0 0 0 0 0 0 0 0 
0 0 0 0 0 0 0 0 0 0 
0 0 0 0 0 0 0 0 0 0 
0 0 0 0 0 0 0 0 0 0 
0 0 0 0 0 0 0 0 0 0 
0 0 0 0 0 0 0 0 0 0 
0 0 0 0 0 0 0 0 0 0 
0 0 0 0 0 0 0 0 0 0 
0 0 0 0 0 0 0 0 0 0 
0 0 0 0 0 0 0 0 0 0 
0 0 0 0 0 0 0 0 0 0 
0 121 242 363 484 605 726 847 968 1089 
0 132 264 396 528 660 792 924 1056 1188 
0 143 286 429 572 715 858 1001 1144 1287 
0 154 308 462 616 770 924 1078 1232 1386 
0 165 330 495 660 825 990 1155 1320 1485 
0 176 352 528 704 880 1056 1232 1408 1584 
0 187 374 561 748 935 1122 1309 1496 1683 
0 198 396 594 792 990 1188 1386 1584 1782 
0 209 418 627 836 1045 1254 1463 1672 1881 

0 0 0 0 0 0 0 0 0 0 
0 0 0 0 0 0 0 0 0 0 
0 0 0 0 0 0 0 0 0 0 
0 0 0 0 0 0 0 0 0 0 
0 0 0 0 0 0 0 0 0 0 
0 0 0 0 0 0 0 0 0 0 
0 0 0 0 0 0 0 0 0 0 
0 0 0 0 0 0 0 0 0 0 
0 0 0 0 0 0 0 0 0 0 
0 0 0 0 0 0 0 0 0 0 
0 0 0 0 0 0 0 0 0 0 
0 0 0 0 0 0 0 0 0 0 
0 144 288 432 576 720 864 1008 1152 1296 
0 156 312 468 624 780 936 1092 1248 1404 
0 168 336 504 672 840 1008 1176 1344 1512 
0 180 360 540 720 900 1080 1260 1440 1620 
0 192 384 576 768 960 1152 1344 1536 1728 
0 204 408 612 816 1020 1224 1428 1632 1836 
0 216 432 648 864 1080 1296 1512 1728 1944 
0 228 456 684 912 1140 1368 1596 1824 2052 

0 0 0 0 0 0 0 0 0 0 
0 0 0 0 0 0 0 0 0 0 
0 0 0 0 0 0 0 0 0 0 
0 0 0 0 0 0 0 0 0 0 
0 0 0 0 0 0 0 0 0 0 
0 0 0 0 0 0 0 0 0 0 
0 0 0 0 0 0 0 0 0 0 
0 0 0 0 0 0 0 0 0 0 
0 0 0 0 0 0 0 0 0 0 
0 0 0 0 0 0 0 0 0 0 
0 0 0 0 0 0 0 0 0 0 
0 0 0 0 0 0 0 0 0 0 
0 0 0 0 0 0 0 0 0 0 
0 169 338 507 676 845 1014 1183 1352 1521 
0 182 364 546 728 910 1092 1274 1456 1638 
0 195 390 585 780 975 1170 1365 1560 1755 
0 208 416 624 832 1040 1248 1456 1664 1872 
0 221 442 663 884 1105 1326 1547 1768 1989 
0 234 468 702 936 1170 1404 1638 1872 2106 
0 247 494 741 988 1235 1482 1729 1976 2223 

0 0 0 0 0 0 0 0 0 0 
0 0 0 0 0 0 0 0 0 0 
0 0 0 0 0 0 0 0 0 0 
0 0 0 0 0 0 0 0 0 0 
0 0 0 0 0 0 0 0 0 0 
0 0 0 0 0 0 0 0 0 0 
0 0 0 0 0 0 0 0 0 0 
0 0 0 0 0 0 0 0 0 0 
0 0 0 0 0 0 0 0 0 0 
0 0 0 0 0 0 0 0 0 0 
0 0 0 0 0 0 0 0 0 0 
0 0 0 0 0 0 0 0 0 0 
0 0 0 0 0 0 0 0 0 0 
0 0 0 0 0 0 0 0 0 0 
0 196 392 588 784 980 1176 1372 1568 1764 
0 210 420 630 840 1050 1260 1470 1680 1890 
0 224 448 672 896 1120 1344 1568 1792 2016 
0 238 476 714 952 1190 1428 1666 1904 2142 
0 252 504 756 1008 1260 1512 1764 2016 2268 
0 266 532 798 1064 1330 1596 1862 2128 2394 

0 0 0 0 0 0 0 0 0 0 
0 0 0 0 0 0 0 0 0 0 
0 0 0 0 0 0 0 0 0 0 
0 0 0 0 0 0 0 0 0 0 
0 0 0 0 0 0 0 0 0 0 
0 0 0 0 0 0 0 0 0 0 
0 0 0 0 0 0 0 0 0 0 
0 0 0 0 0 0 0 0 0 0 
0 0 0 0 0 0 0 0 0 0 
0 0 0 0 0 0 0 0 0 0 
0 0 0 0 0 0 0 0 0 0 
0 0 0 0 0 0 0 0 0 0 
0 0 0 0 0 0 0 0 0 0 
0 0 0 0 0 0 0 0 0 0 
0 0 0 0 0 0 0 0 0 0 
0 225 450 675 900 1125 1350 1575 1800 2025 
0 240 480 720 960 1200 1440 1680 1920 2160 
0 255 510 765 1020 1275 1530 1785 2040 2295 
0 270 540 810 1080 1350 1620 1890 2160 2430 
0 285 570 855 1140 1425 1710 1995 2280 2565 

0 0 0 0 0 0 0 0 0 0 
0 0 0 0 0 0 0 0 0 0 
0 0 0 0 0 0 0 0 0 0 
0 0 0 0 0 0 0 0 0 0 
0 0 0 0 0 0 0 0 0 0 
0 0 0 0 0 0 0 0 0 0 
0 0 0 0 0 0 0 0 0 0 
0 0 0 0 0 0 0 0 0 0 
0 0 0 0 0 0 0 0 0 0 
0 0 0 0 0 0 0 0 0 0 
0 0 0 0 0 0 0 0 0 0 
0 0 0 0 0 0 0 0 0 0 
0 0 0 0 0 0 0 0 0 0 
0 0 0 0 0 0 0 0 0 0 
0 0 0 0 0 0 0 0 0 0 
0 0 0 0 0 0 0 0 0 0 
0 256 512 768 1024 1280 1536 1792 2048 2304 
0 272 544 816 1088 1360 1632 1904 2176 2448 
0 288 576 864 1152 1440 1728 2016 2304 2592 
0 304 608 912 1216 1520 1824 2128 2432 2736 

0 0 0 0 0 0 0 0 0 0 
0 0 0 0 0 0 0 0 0 0 
0 0 0 0 0 0 0 0 0 0 
0 0 0 0 0 0 0 0 0 0 
0 0 0 0 0 0 0 0 0 0 
0 0 0 0 0 0 0 0 0 0 
0 0 0 0 0 0 0 0 0 0 
0 0 0 0 0 0 0 0 0 0 
0 0 0 0 0 0 0 0 0 0 
0 0 0 0 0 0 0 0 0 0 
0 0 0 0 0 0 0 0 0 0 
0 0 0 0 0 0 0 0 0 0 
0 0 0 0 0 0 0 0 0 0 
0 0 0 0 0 0 0 0 0 0 
0 0 0 0 0 0 0 0 0 0 
0 0 0 0 0 0 0 0 0 0 
0 0 0 0 0 0 0 0 0 0 
0 289 578 867 1156 1445 1734 2023 2312 2601 
0 306 612 918 1224 1530 1836 2142 2448 2754 
0 323 646 969 1292 1615 1938 2261 2584 2907 

0 0 0 0 0 0 0 0 0 0 
0 0 0 0 0 0 0 0 0 0 
0 0 0 0 0 0 0 0 0 0 
0 0 0 0 0 0 0 0 0 0 
0 0 0 0 0 0 0 0 0 0 
0 0 0 0 0 0 0 0 0 0 
0 0 0 0 0 0 0 0 0 0 
0 0 0 0 0 0 0 0 0 0 
0 0 0 0 0 0 0 0 0 0 
0 0 0 0 0 0 0 0 0 0 
0 0 0 0 0 0 0 0 0 0 
0 0 0 0 0 0 0 0 0 0 
0 0 0 0 0 0 0 0 0 0 
0 0 0 0 0 0 0 0 0 0 
0 0 0 0 0 0 0 0 0 0 
0 0 0 0 0 0 0 0 0 0 
0 0 0 0 0 0 0 0 0 0 
0 0 0 0 0 0 0 0 0 0 
0 324 648 972 1296 1620 1944 2268 2592 2916 
0 342 684 1026 1368 1710 2052 2394 2736 3078 

0 0 0 0 0 0 0 0 0 0 
0 0 0 0 0 0 0 0 0 0 
0 0 0 0 0 0 0 0 0 0 
0 0 0 0 0 0 0 0 0 0 
0 0 0 0 0 0 0 0 0 0 
0 0 0 0 0 0 0 0 0 0 
0 0 0 0 0 0 0 0 0 0 
0 0 0 0 0 0 0 0 0 0 
0 0 0 0 0 0 0 0 0 0 
0 0 0 0 0 0 0 0 0 0 
0 0 0 0 0 0 0 0 0 0 
0 0 0 0 0 0 0 0 0 0 
0 0 0 0 0 0 0 0 0 0 
0 0 0 0 0 0 0 0 0 0 
0 0 0 0 0 0 0 0 0 0 
0 0 0 0 0 0 0 0 0 0 
0 0 0 0 0 0 0 0 0 0 
0 0 0 0 0 0 0 0 0 0 
0 0 0 0 0 0 0 0 0 0 
0 361 722 1083 1444 1805 2166 2527 2888 3249 

0 0 0 0 0 0 0 0 0 0 
0 0 0 0 0 0 0 0 0 0 
0 0 0 0 0 0 0 0 0 0 
0 0 0 0 0 0 0 0 0 0 
0 0 0 0 0 0 0 0 0 0 
0 0 0 0 0 0 0 0 0 0 
0 0 0 0 0 0 0 0 0 0 
0 0 0 0 0 0 0 0 0 0 
0 0 0 0 0 0 0 0 0 0 
0 0 0 0 0 0 0 0 0 0 
0 0 0 0 0 0 0 0 0 0 
0 0 0 0 0 0 0 0 0 0 
0 0 0 0 0 0 0 0 0 0 
0 0 0 0 0 0 0 0 0 0 
0 0 0 0 0 0 0 0 0 0 
0 0 0 0 0 0 0 0 0 0 
0 0 0 0 0 0 0 0 0 0 
0 0 0 0 0 0 0 0 0 0 
0 0 0 0 0 0 0 0 0 0 
0 0 0 0 0 0 0 0 0 0 

0 0 0 0 0 0 0 0 0 0 
0 0 0 0 0 0 0 0 0 0 
0 0 0 0 0 0 0 0 0 0 
0 0 0 0 0 0 0 0 0 0 
0 0 0 0 0 0 0 0 0 0 
0 0 0 0 0 0 0 0 0 0 
0 0 0 0 0 0 0 0 0 0 
0 0 0 0 0 0 0 0 0 0 
0 0 0 0 0 0 0 0 0 0 
0 0 0 0 0 0 0 0 0 0 
0 0 0 0 0 0 0 0 0 0 
0 0 0 0 0 0 0 0 0 0 
0 0 0 0 0 0 0 0 0 0 
0 0 0 0 0 0 0 0 0 0 
0 0 0 0 0 0 0 0 0 0 
0 0 0 0 0 0 0 0 0 0 
0 0 0 0 0 0 0 0 0 0 
0 0 0 0 0 0 0 0 0 0 
0 0 0 0 0 0 0 0 0 0 
0 0 0 0 0 0 0 0 0 0 

0 0 0 0 0 0 0 0 0 0 
0 0 0 0 0 0 0 0 0 0 
0 0 0 0 0 0 0 0 0 0 
0 0 0 0 0 0 0 0 0 0 
0 0 0 0 0 0 0 0 0 0 
0 0 0 0 0 0 0 0 0 0 
0 0 0 0 0 0 0 0 0 0 
0 0 0 0 0 0 0 0 0 0 
0 0 0 0 0 0 0 0 0 0 
0 0 0 0 0 0 0 0 0 0 
0 0 0 0 0 0 0 0 0 0 
0 0 0 0 0 0 0 0 0 0 
0 0 0 0 0 0 0 0 0 0 
0 0 0 0 0 0 0 0 0 0 
0 0 0 0 0 0 0 0 0 0 
0 0 0 0 0 0 0 0 0 0 
0 0 0 0 0 0 0 0 0 0 
0 0 0 0 0 0 0 0 0 0 
0 0 0 0 0 0 0 0 0 0 
0 0 0 0 0 0 0 0 0 0 

0 0 0 0 0 0 0 0 0 0 
0 0 0 0 0 0 0 0 0 0 
0 0 0 0 0 0 0 0 0 0 
0 0 0 0 0 0 0 0 0 0 
0 0 0 0 0 0 0 0 0 0 
0 0 0 0 0 0 0 0 0 0 
0 0 0 0 0 0 0 0 0 0 
0 0 0 0 0 0 0 0 0 0 
0 0 0 0 0 0 0 0 0 0 
0 0 0 0 0 0 0 0 0 0 
0 0 0 0 0 0 0 0 0 0 
0 0 0 0 0 0 0 0 0 0 
0 0 0 0 0 0 0 0 0 0 
0 0 0 0 0 0 0 0 0 0 
0 0 0 0 0 0 0 0 0 0 
0 0 0 0 0 0 0 0 0 0 
0 0 0 0 0 0 0 0 0 0 
0 0 0 0 0 0 0 0 0 0 
0 0 0 0 0 0 0 0 0 0 
0 0 0 0 0 0 0 0 0 0 

0 0 0 0 0 0 0 0 0 0 
0 0 0 0 0 0 0 0 0 0 
0 0 0 0 0 0 0 0 0 0 
0 0 0 0 0 0 0 0 0 0 
0 0 0 0 0 0 0 0 0 0 
0 0 0 0 0 0 0 0 0 0 
0 0 0 0 0 0 0 0 0 0 
0 0 0 0 0 0 0 0 0 0 
0 0 0 0 0 0 0 0 0 0 
0 0 0 0 0 0 0 0 0 0 
0 0 0 0 0 0 0 0 0 0 
0 0 0 0 0 0 0 0 0 0 
0 0 0 0 0 0 0 0 0 0 
0 0 0 0 0 0 0 0 0 0 
0 0 0 0 0 0 0 0 0 0 
0 0 0 0 0 0 0 0 0 0 
0 0 0 0 0 0 0 0 0 0 
0 0 0 0 0 0 0 0 0 0 
0 0 0 0 0 0 0 0 0 0 
0 0 0 0 0 0 0 0 0 0 

0 0 0 0 0 0 0 0 0 0 
0 0 0 0 0 0 0 0 0 0 
0 0 0 0 0 0 0 0 0 0 
0 0 0 0 0 0 0 0 0 0 
0 0 0 0 0 0 0 0 0 0 
0 0 0 0 0 0 0 0 0 0 
0 0 0 0 0 0 0 0 0 0 
0 0 0 0 0 0 0 0 0 0 
0 0 0 0 0 0 0 0 0 0 
0 0 0 0 0 0 0 0 0 0 
0 0 0 0 0 0 0 0 0 0 
0 0 0 0 0 0 0 0 0 0 
0 0 0 0 0 0 0 0 0 0 
0 0 0 0 0 0 0 0 0 0 
0 0 0 0 0 0 0 0 0 0 
0 0 0 0 0 0 0 0 0 0 
0 0 0 0 0 0 0 0 0 0 
0 0 0 0 0 0 0 0 0 0 
0 0 0 0 0 0 0 0 0 0 
0 0 0 0 0 0 0 0 0 0 

0 0 0 0 0 0 0 0 0 0 
0 0 0 0 0 0 0 0 0 0 
0 0 0 0 0 0 0 0 0 0 
0 0 0 0 0 0 0 0 0 0 
0 0 0 0 0 0 0 0 0 0 
0 0 0 0 0 0 0 0 0 0 
0 0 0 0 0 0 0 0 0 0 
0 0 0 0 0 0 0 0 0 0 
0 0 0 0 0 0 0 0 0 0 
0 0 0 0 0 0 0 0 0 0 
0 0 0 0 0 0 0 0 0 0 
0 0 0 0 0 0 0 0 0 0 
0 0 0 0 0 0 0 0 0 0 
0 0 0 0 0 0 0 0 0 0 
0 0 0 0 0 0 0 0 0 0 
0 0 0 0 0 0 0 0 0 0 
0 0 0 0 0 0 0 0 0 0 
0 0 0 0 0 0 0 0 0 0 
0 0 0 0 0 0 0 0 0 0 
0 0 0 0 0 0 0 0 0 0 

0 0 0 0 0 0 0 0 0 0 
0 0 0 0 0 0 0 0 0 0 
0 0 0 0 0 0 0 0 0 0 
0 0 0 0 0 0 0 0 0 0 
0 0 0 0 0 0 0 0 0 0 
0 0 0 0 0 0 0 0 0 0 
0 0 0 0 0 0 0 0 0 0 
0 0 0 0 0 0 0 0 0 0 
0 0 0 0 0 0 0 0 0 0 
0 0 0 0 0 0 0 0 0 0 
0 0 0 0 0 0 0 0 0 0 
0 0 0 0 0 0 0 0 0 0 
0 0 0 0 0 0 0 0 0 0 
0 0 0 0 0 0 0 0 0 0 
0 0 0 0 0 0 0 0 0 0 
0 0 0 0 0 0 0 0 0 0 
0 0 0 0 0 0 0 0 0 0 
0 0 0 0 0 0 0 0 0 0 
0 0 0 0 0 0 0 0 0 0 
0 0 0 0 0 0 0 0 0 0 

0 0 0 0 0 0 0 0 0 0 
0 0 0 0 0 0 0 0 0 0 
0 0 0 0 0 0 0 0 0 0 
0 0 0 0 0 0 0 0 0 0 
0 0 0 0 0 0 0 0 0 0 
0 0 0 0 0 0 0 0 0 0 
0 0 0 0 0 0 0 0 0 0 
0 0 0 0 0 0 0 0 0 0 
0 0 0 0 0 0 0 0 0 0 
0 0 0 0 0 0 0 0 0 0 
0 0 0 0 0 0 0 0 0 0 
0 0 0 0 0 0 0 0 0 0 
0 0 0 0 0 0 0 0 0 0 
0 0 0 0 0 0 0 0 0 0 
0 0 0 0 0 0 0 0 0 0 
0 0 0 0 0 0 0 0 0 0 
0 0 0 0 0 0 0 0 0 0 
0 0 0 0 0 0 0 0 0 0 
0 0 0 0 0 0 0 0 0 0 
0 0 0 0 0 0 0 0 0 0 

0 0 0 0 0 0 0 0 0 0 
0 0 0 0 0 0 0 0 0 0 
0 0 0 0 0 0 0 0 0 0 
0 0 0 0 0 0 0 0 0 0 
0 0 0 0 0 0 0 0 0 0 
0 0 0 0 0 0 0 0 0 0 
0 0 0 0 0 0 0 0 0 0 
0 0 0 0 0 0 0 0 0 0 
0 0 0 0 0 0 0 0 0 0 
0 0 0 0 0 0 0 0 0 0 
0 0 0 0 0 0 0 0 0 0 
0 0 0 0 0 0 0 0 0 0 
0 0 0 0 0 0 0 0 0 0 
0 0 0 0 0 0 0 0 0 0 
0 0 0 0 0 0 0 0 0 0 
0 0 0 0 0 0 0 0 0 0 
0 0 0 0 0 0 0 0 0 0 
0 0 0 0 0 0 0 0 0 0 
0 0 0 0 0 0 0 0 0 0 
0 0 0 0 0 0 0 0 0 0 

