./sl: inputs/err-readonly004.snl(23,6): ERROR, can not assign readonly content to variable 'a'
a = n; // ERROR: n might be modified via a
     ^
./sl: inputs/err-readonly004.snl(28,14): ERROR, can not assign to a readonly component
mm[1][1] = 10;
             ^
./sl: inputs/err-readonly004.snl(29,21): ERROR, can not assign to a readonly component
mm[9] = new int [11];
                    ^
./sl: inputs/err-readonly004.snl(30,8): ERROR, can not assign to the readonly variable 'mm'
mm = nn;
       ^
./sl: inputs/err-readonly004.snl(31,14): ERROR, can not assign readonly content
nn[1] = mm[1];
             ^
./sl: inputs/err-readonly004.snl(33,16): ERROR, can not assign readonly content to variable 'nn'
mm, nn = nn, mm;
               ^
./sl: inputs/err-readonly004.snl(33,16): ERROR, can not assign to the readonly variable 'mm'
mm, nn = nn, mm;
               ^
./sl: inputs/err-readonly004.snl(35,28): ERROR, can not assign readonly content
mm[1], nn[0] = nn[2], mm[1];
                           ^
./sl: inputs/err-readonly004.snl(35,28): ERROR, can not assign to a readonly component
mm[1], nn[0] = nn[2], mm[1];
                           ^
./sl: 9 error(s) detected

