./sl: inputs/err-namedargs003.snl(17,13): ERROR, parameter 'z' has no default value, please supply its value
. g( y => 2 ); // ERR
            ^
./sl: inputs/err-namedargs003.snl(17,13): ERROR, parameter 't' has no default value, please supply its value
. g( y => 2 ); // ERR
            ^
./sl: inputs/err-namedargs003.snl(17,13): ERROR, too little arguments in call to function 'g'
. g( y => 2 ); // ERR
            ^
./sl: inputs/err-namedargs003.snl(18,14): ERROR, parameter 't' has no default value, please supply its value
. g( 3, 2, 2 ); // ERR
             ^
./sl: inputs/err-namedargs003.snl(18,14): ERROR, too little arguments in call to function 'g'
. g( 3, 2, 2 ); // ERR
             ^
./sl: inputs/err-namedargs003.snl(20,19): ERROR, parameter 't' has no default value, please supply its value
. g( 3, 2, z => 4 ); // ERR
                  ^
./sl: inputs/err-namedargs003.snl(20,19): ERROR, too little arguments in call to function 'g'
. g( 3, 2, z => 4 ); // ERR
                  ^
./sl: 7 error(s) detected

